[2017-03-13 10:38:10,903] INFO Starting the log cleaner (kafka.log.LogCleaner)
[2017-03-13 10:38:10,905] INFO [kafka-log-cleaner-thread-0], Starting  (kafka.log.LogCleaner)
[2017-03-28 21:13:45,492] INFO Starting the log cleaner (kafka.log.LogCleaner)
[2017-03-28 21:13:45,494] INFO [kafka-log-cleaner-thread-0], Starting  (kafka.log.LogCleaner)
[2017-03-28 21:14:15,575] INFO Cleaner 0: Beginning cleaning of log __consumer_offsets-10. (kafka.log.LogCleaner)
[2017-03-28 21:14:15,575] INFO Cleaner 0: Building offset map for __consumer_offsets-10... (kafka.log.LogCleaner)
[2017-03-28 21:14:15,608] INFO Cleaner 0: Building offset map for log __consumer_offsets-10 for 1 segments in offset range [0, 9). (kafka.log.LogCleaner)
[2017-03-28 21:14:15,612] INFO Cleaner 0: Offset map for log __consumer_offsets-10 complete. (kafka.log.LogCleaner)
[2017-03-28 21:14:15,617] INFO Cleaner 0: Cleaning log __consumer_offsets-10 (cleaning prior to Mon Mar 13 10:54:06 CET 2017, discarding tombstones prior to Thu Jan 01 01:00:00 CET 1970)... (kafka.log.LogCleaner)
[2017-03-28 21:14:15,621] INFO Cleaner 0: Cleaning segment 0 in log __consumer_offsets-10 (largest timestamp Mon Mar 13 10:54:04 CET 2017) into 0, retaining deletes. (kafka.log.LogCleaner)
[2017-03-28 21:14:15,708] INFO Cleaner 0: Swapping in cleaned segment 0 for segment(s) 0 in log __consumer_offsets-10. (kafka.log.LogCleaner)
[2017-03-28 21:14:15,736] ERROR [kafka-log-cleaner-thread-0], Error due to  (kafka.log.LogCleaner)
kafka.common.KafkaStorageException: Failed to change the log file suffix from .cleaned to .swap for log segment 0
	at kafka.log.LogSegment.kafkaStorageException$1(LogSegment.scala:340)
	at kafka.log.LogSegment.changeFileSuffixes(LogSegment.scala:342)
	at kafka.log.Log.replaceSegments(Log.scala:1018)
	at kafka.log.Cleaner.cleanSegments(LogCleaner.scala:426)
	at kafka.log.Cleaner$$anonfun$clean$4.apply(LogCleaner.scala:363)
	at kafka.log.Cleaner$$anonfun$clean$4.apply(LogCleaner.scala:362)
	at scala.collection.immutable.List.foreach(List.scala:381)
	at kafka.log.Cleaner.clean(LogCleaner.scala:362)
	at kafka.log.LogCleaner$CleanerThread.cleanOrSleep(LogCleaner.scala:241)
	at kafka.log.LogCleaner$CleanerThread.doWork(LogCleaner.scala:220)
	at kafka.utils.ShutdownableThread.run(ShutdownableThread.scala:63)
Caused by: java.nio.file.FileSystemException: \tmp\kafka-logs\__consumer_offsets-10\00000000000000000000.log.cleaned -> \tmp\kafka-logs\__consumer_offsets-10\00000000000000000000.log.swap: El proceso no tiene acceso al archivo porque está siendo utilizado por otro proceso.

	at sun.nio.fs.WindowsException.translateToIOException(Unknown Source)
	at sun.nio.fs.WindowsException.rethrowAsIOException(Unknown Source)
	at sun.nio.fs.WindowsFileCopy.move(Unknown Source)
	at sun.nio.fs.WindowsFileSystemProvider.move(Unknown Source)
	at java.nio.file.Files.move(Unknown Source)
	at org.apache.kafka.common.utils.Utils.atomicMoveWithFallback(Utils.java:711)
	at org.apache.kafka.common.record.FileRecords.renameTo(FileRecords.java:210)
	... 10 more
	Suppressed: java.nio.file.FileSystemException: \tmp\kafka-logs\__consumer_offsets-10\00000000000000000000.log.cleaned -> \tmp\kafka-logs\__consumer_offsets-10\00000000000000000000.log.swap: El proceso no tiene acceso al archivo porque está siendo utilizado por otro proceso.

		at sun.nio.fs.WindowsException.translateToIOException(Unknown Source)
		at sun.nio.fs.WindowsException.rethrowAsIOException(Unknown Source)
		at sun.nio.fs.WindowsFileCopy.move(Unknown Source)
		at sun.nio.fs.WindowsFileSystemProvider.move(Unknown Source)
		at java.nio.file.Files.move(Unknown Source)
		at org.apache.kafka.common.utils.Utils.atomicMoveWithFallback(Utils.java:708)
		... 11 more
[2017-03-28 21:14:15,737] INFO [kafka-log-cleaner-thread-0], Stopped  (kafka.log.LogCleaner)
[2017-03-29 21:06:09,037] INFO Starting the log cleaner (kafka.log.LogCleaner)
[2017-03-29 21:06:09,051] INFO [kafka-log-cleaner-thread-0], Starting  (kafka.log.LogCleaner)
[2017-03-29 21:06:09,094] INFO Cleaner 0: Beginning cleaning of log __consumer_offsets-12. (kafka.log.LogCleaner)
[2017-03-29 21:06:09,096] INFO Cleaner 0: Building offset map for __consumer_offsets-12... (kafka.log.LogCleaner)
[2017-03-29 21:06:09,154] INFO Cleaner 0: Building offset map for log __consumer_offsets-12 for 1 segments in offset range [0, 3). (kafka.log.LogCleaner)
[2017-03-29 21:06:09,175] INFO Cleaner 0: Offset map for log __consumer_offsets-12 complete. (kafka.log.LogCleaner)
[2017-03-29 21:06:09,186] INFO Cleaner 0: Cleaning log __consumer_offsets-12 (cleaning prior to Mon Mar 13 10:53:23 CET 2017, discarding tombstones prior to Thu Jan 01 01:00:00 CET 1970)... (kafka.log.LogCleaner)
[2017-03-29 21:06:09,242] INFO Cleaner 0: Cleaning segment 0 in log __consumer_offsets-12 (largest timestamp Mon Mar 13 10:53:23 CET 2017) into 0, retaining deletes. (kafka.log.LogCleaner)
[2017-03-29 21:06:09,432] INFO Cleaner 0: Swapping in cleaned segment 0 for segment(s) 0 in log __consumer_offsets-12. (kafka.log.LogCleaner)
[2017-03-29 21:06:09,486] ERROR [kafka-log-cleaner-thread-0], Error due to  (kafka.log.LogCleaner)
kafka.common.KafkaStorageException: Failed to change the log file suffix from .cleaned to .swap for log segment 0
	at kafka.log.LogSegment.kafkaStorageException$1(LogSegment.scala:340)
	at kafka.log.LogSegment.changeFileSuffixes(LogSegment.scala:342)
	at kafka.log.Log.replaceSegments(Log.scala:1018)
	at kafka.log.Cleaner.cleanSegments(LogCleaner.scala:426)
	at kafka.log.Cleaner$$anonfun$clean$4.apply(LogCleaner.scala:363)
	at kafka.log.Cleaner$$anonfun$clean$4.apply(LogCleaner.scala:362)
	at scala.collection.immutable.List.foreach(List.scala:381)
	at kafka.log.Cleaner.clean(LogCleaner.scala:362)
	at kafka.log.LogCleaner$CleanerThread.cleanOrSleep(LogCleaner.scala:241)
	at kafka.log.LogCleaner$CleanerThread.doWork(LogCleaner.scala:220)
	at kafka.utils.ShutdownableThread.run(ShutdownableThread.scala:63)
Caused by: java.nio.file.FileSystemException: \tmp\kafka-logs\__consumer_offsets-12\00000000000000000000.log.cleaned -> \tmp\kafka-logs\__consumer_offsets-12\00000000000000000000.log.swap: El proceso no tiene acceso al archivo porque está siendo utilizado por otro proceso.

	at sun.nio.fs.WindowsException.translateToIOException(Unknown Source)
	at sun.nio.fs.WindowsException.rethrowAsIOException(Unknown Source)
	at sun.nio.fs.WindowsFileCopy.move(Unknown Source)
	at sun.nio.fs.WindowsFileSystemProvider.move(Unknown Source)
	at java.nio.file.Files.move(Unknown Source)
	at org.apache.kafka.common.utils.Utils.atomicMoveWithFallback(Utils.java:711)
	at org.apache.kafka.common.record.FileRecords.renameTo(FileRecords.java:210)
	... 10 more
	Suppressed: java.nio.file.FileSystemException: \tmp\kafka-logs\__consumer_offsets-12\00000000000000000000.log.cleaned -> \tmp\kafka-logs\__consumer_offsets-12\00000000000000000000.log.swap: El proceso no tiene acceso al archivo porque está siendo utilizado por otro proceso.

		at sun.nio.fs.WindowsException.translateToIOException(Unknown Source)
		at sun.nio.fs.WindowsException.rethrowAsIOException(Unknown Source)
		at sun.nio.fs.WindowsFileCopy.move(Unknown Source)
		at sun.nio.fs.WindowsFileSystemProvider.move(Unknown Source)
		at java.nio.file.Files.move(Unknown Source)
		at org.apache.kafka.common.utils.Utils.atomicMoveWithFallback(Utils.java:708)
		... 11 more
[2017-03-29 21:06:09,503] INFO [kafka-log-cleaner-thread-0], Stopped  (kafka.log.LogCleaner)
[2017-03-30 01:18:30,742] INFO Starting the log cleaner (kafka.log.LogCleaner)
[2017-03-30 01:18:30,831] INFO [kafka-log-cleaner-thread-0], Starting  (kafka.log.LogCleaner)
[2017-03-30 01:18:30,901] INFO Cleaner 0: Beginning cleaning of log __consumer_offsets-12. (kafka.log.LogCleaner)
[2017-03-30 01:18:30,903] INFO Cleaner 0: Building offset map for __consumer_offsets-12... (kafka.log.LogCleaner)
[2017-03-30 01:18:30,943] INFO Cleaner 0: Building offset map for log __consumer_offsets-12 for 1 segments in offset range [0, 3). (kafka.log.LogCleaner)
[2017-03-30 01:18:30,981] INFO Cleaner 0: Offset map for log __consumer_offsets-12 complete. (kafka.log.LogCleaner)
[2017-03-30 01:18:30,990] INFO Cleaner 0: Cleaning log __consumer_offsets-12 (cleaning prior to Mon Mar 13 10:53:23 CET 2017, discarding tombstones prior to Thu Jan 01 01:00:00 CET 1970)... (kafka.log.LogCleaner)
[2017-03-30 01:18:31,032] INFO Cleaner 0: Cleaning segment 0 in log __consumer_offsets-12 (largest timestamp Mon Mar 13 10:53:23 CET 2017) into 0, retaining deletes. (kafka.log.LogCleaner)
[2017-03-30 01:18:31,163] INFO Cleaner 0: Swapping in cleaned segment 0 for segment(s) 0 in log __consumer_offsets-12. (kafka.log.LogCleaner)
[2017-03-30 01:18:31,231] ERROR [kafka-log-cleaner-thread-0], Error due to  (kafka.log.LogCleaner)
kafka.common.KafkaStorageException: Failed to change the log file suffix from .cleaned to .swap for log segment 0
	at kafka.log.LogSegment.kafkaStorageException$1(LogSegment.scala:340)
	at kafka.log.LogSegment.changeFileSuffixes(LogSegment.scala:342)
	at kafka.log.Log.replaceSegments(Log.scala:1018)
	at kafka.log.Cleaner.cleanSegments(LogCleaner.scala:426)
	at kafka.log.Cleaner$$anonfun$clean$4.apply(LogCleaner.scala:363)
	at kafka.log.Cleaner$$anonfun$clean$4.apply(LogCleaner.scala:362)
	at scala.collection.immutable.List.foreach(List.scala:381)
	at kafka.log.Cleaner.clean(LogCleaner.scala:362)
	at kafka.log.LogCleaner$CleanerThread.cleanOrSleep(LogCleaner.scala:241)
	at kafka.log.LogCleaner$CleanerThread.doWork(LogCleaner.scala:220)
	at kafka.utils.ShutdownableThread.run(ShutdownableThread.scala:63)
Caused by: java.nio.file.FileSystemException: \tmp\kafka-logs\__consumer_offsets-12\00000000000000000000.log.cleaned -> \tmp\kafka-logs\__consumer_offsets-12\00000000000000000000.log.swap: El proceso no tiene acceso al archivo porque está siendo utilizado por otro proceso.

	at sun.nio.fs.WindowsException.translateToIOException(Unknown Source)
	at sun.nio.fs.WindowsException.rethrowAsIOException(Unknown Source)
	at sun.nio.fs.WindowsFileCopy.move(Unknown Source)
	at sun.nio.fs.WindowsFileSystemProvider.move(Unknown Source)
	at java.nio.file.Files.move(Unknown Source)
	at org.apache.kafka.common.utils.Utils.atomicMoveWithFallback(Utils.java:711)
	at org.apache.kafka.common.record.FileRecords.renameTo(FileRecords.java:210)
	... 10 more
	Suppressed: java.nio.file.FileSystemException: \tmp\kafka-logs\__consumer_offsets-12\00000000000000000000.log.cleaned -> \tmp\kafka-logs\__consumer_offsets-12\00000000000000000000.log.swap: El proceso no tiene acceso al archivo porque está siendo utilizado por otro proceso.

		at sun.nio.fs.WindowsException.translateToIOException(Unknown Source)
		at sun.nio.fs.WindowsException.rethrowAsIOException(Unknown Source)
		at sun.nio.fs.WindowsFileCopy.move(Unknown Source)
		at sun.nio.fs.WindowsFileSystemProvider.move(Unknown Source)
		at java.nio.file.Files.move(Unknown Source)
		at org.apache.kafka.common.utils.Utils.atomicMoveWithFallback(Utils.java:708)
		... 11 more
[2017-03-30 01:18:31,239] INFO [kafka-log-cleaner-thread-0], Stopped  (kafka.log.LogCleaner)
[2017-03-31 10:46:27,041] INFO Starting the log cleaner (kafka.log.LogCleaner)
[2017-03-31 10:46:27,042] INFO [kafka-log-cleaner-thread-0], Starting  (kafka.log.LogCleaner)
[2017-03-31 10:46:28,559] INFO Shutting down the log cleaner. (kafka.log.LogCleaner)
[2017-03-31 10:46:28,559] INFO [kafka-log-cleaner-thread-0], Shutting down (kafka.log.LogCleaner)
[2017-03-31 10:46:28,559] INFO [kafka-log-cleaner-thread-0], Stopped  (kafka.log.LogCleaner)
[2017-03-31 10:46:28,559] INFO [kafka-log-cleaner-thread-0], Shutdown completed (kafka.log.LogCleaner)
[2017-03-31 10:46:34,467] INFO Starting the log cleaner (kafka.log.LogCleaner)
[2017-03-31 10:46:34,468] INFO [kafka-log-cleaner-thread-0], Starting  (kafka.log.LogCleaner)
[2017-03-31 10:46:37,185] INFO Shutting down the log cleaner. (kafka.log.LogCleaner)
[2017-03-31 10:46:37,186] INFO [kafka-log-cleaner-thread-0], Shutting down (kafka.log.LogCleaner)
[2017-03-31 10:46:37,186] INFO [kafka-log-cleaner-thread-0], Stopped  (kafka.log.LogCleaner)
[2017-03-31 10:46:37,186] INFO [kafka-log-cleaner-thread-0], Shutdown completed (kafka.log.LogCleaner)
[2017-03-31 10:47:52,732] INFO Starting the log cleaner (kafka.log.LogCleaner)
[2017-03-31 10:47:52,733] INFO [kafka-log-cleaner-thread-0], Starting  (kafka.log.LogCleaner)
[2017-03-31 10:54:03,838] INFO Starting the log cleaner (kafka.log.LogCleaner)
[2017-03-31 10:54:03,841] INFO [kafka-log-cleaner-thread-0], Starting  (kafka.log.LogCleaner)
[2017-03-31 10:54:10,135] INFO Shutting down the log cleaner. (kafka.log.LogCleaner)
[2017-03-31 10:54:10,136] INFO [kafka-log-cleaner-thread-0], Shutting down (kafka.log.LogCleaner)
[2017-03-31 10:54:10,136] INFO [kafka-log-cleaner-thread-0], Stopped  (kafka.log.LogCleaner)
[2017-03-31 10:54:10,136] INFO [kafka-log-cleaner-thread-0], Shutdown completed (kafka.log.LogCleaner)
[2017-03-31 10:54:23,500] INFO Starting the log cleaner (kafka.log.LogCleaner)
[2017-03-31 10:54:23,502] INFO [kafka-log-cleaner-thread-0], Starting  (kafka.log.LogCleaner)
[2017-03-31 10:55:02,160] INFO Starting the log cleaner (kafka.log.LogCleaner)
[2017-03-31 10:55:02,162] INFO [kafka-log-cleaner-thread-0], Starting  (kafka.log.LogCleaner)
