[2017-03-13 10:32:24,771] INFO KafkaConfig values: 
	advertised.host.name = null
	advertised.listeners = null
	advertised.port = null
	authorizer.class.name = 
	auto.create.topics.enable = true
	auto.leader.rebalance.enable = true
	background.threads = 10
	broker.id = 0
	broker.id.generation.enable = true
	broker.rack = null
	compression.type = producer
	connections.max.idle.ms = 600000
	controlled.shutdown.enable = true
	controlled.shutdown.max.retries = 3
	controlled.shutdown.retry.backoff.ms = 5000
	controller.socket.timeout.ms = 30000
	create.topic.policy.class.name = null
	default.replication.factor = 1
	delete.topic.enable = false
	fetch.purgatory.purge.interval.requests = 1000
	group.max.session.timeout.ms = 300000
	group.min.session.timeout.ms = 6000
	host.name = 
	inter.broker.listener.name = null
	inter.broker.protocol.version = 0.10.2-IV0
	leader.imbalance.check.interval.seconds = 300
	leader.imbalance.per.broker.percentage = 10
	listener.security.protocol.map = SSL:SSL,SASL_PLAINTEXT:SASL_PLAINTEXT,TRACE:TRACE,SASL_SSL:SASL_SSL,PLAINTEXT:PLAINTEXT
	listeners = null
	log.cleaner.backoff.ms = 15000
	log.cleaner.dedupe.buffer.size = 134217728
	log.cleaner.delete.retention.ms = 86400000
	log.cleaner.enable = true
	log.cleaner.io.buffer.load.factor = 0.9
	log.cleaner.io.buffer.size = 524288
	log.cleaner.io.max.bytes.per.second = 1.7976931348623157E308
	log.cleaner.min.cleanable.ratio = 0.5
	log.cleaner.min.compaction.lag.ms = 0
	log.cleaner.threads = 1
	log.cleanup.policy = [delete]
	log.dir = /tmp/kafka-logs
	log.dirs = /tmp/kafka-logs
	log.flush.interval.messages = 9223372036854775807
	log.flush.interval.ms = null
	log.flush.offset.checkpoint.interval.ms = 60000
	log.flush.scheduler.interval.ms = 9223372036854775807
	log.index.interval.bytes = 4096
	log.index.size.max.bytes = 10485760
	log.message.format.version = 0.10.2-IV0
	log.message.timestamp.difference.max.ms = 9223372036854775807
	log.message.timestamp.type = CreateTime
	log.preallocate = false
	log.retention.bytes = -1
	log.retention.check.interval.ms = 300000
	log.retention.hours = 168
	log.retention.minutes = null
	log.retention.ms = null
	log.roll.hours = 168
	log.roll.jitter.hours = 0
	log.roll.jitter.ms = null
	log.roll.ms = null
	log.segment.bytes = 1073741824
	log.segment.delete.delay.ms = 60000
	max.connections.per.ip = 2147483647
	max.connections.per.ip.overrides = 
	message.max.bytes = 1000012
	metric.reporters = []
	metrics.num.samples = 2
	metrics.recording.level = INFO
	metrics.sample.window.ms = 30000
	min.insync.replicas = 1
	num.io.threads = 8
	num.network.threads = 3
	num.partitions = 1
	num.recovery.threads.per.data.dir = 1
	num.replica.fetchers = 1
	offset.metadata.max.bytes = 4096
	offsets.commit.required.acks = -1
	offsets.commit.timeout.ms = 5000
	offsets.load.buffer.size = 5242880
	offsets.retention.check.interval.ms = 600000
	offsets.retention.minutes = 1440
	offsets.topic.compression.codec = 0
	offsets.topic.num.partitions = 50
	offsets.topic.replication.factor = 3
	offsets.topic.segment.bytes = 104857600
	port = 9092
	principal.builder.class = class org.apache.kafka.common.security.auth.DefaultPrincipalBuilder
	producer.purgatory.purge.interval.requests = 1000
	queued.max.requests = 500
	quota.consumer.default = 9223372036854775807
	quota.producer.default = 9223372036854775807
	quota.window.num = 11
	quota.window.size.seconds = 1
	replica.fetch.backoff.ms = 1000
	replica.fetch.max.bytes = 1048576
	replica.fetch.min.bytes = 1
	replica.fetch.response.max.bytes = 10485760
	replica.fetch.wait.max.ms = 500
	replica.high.watermark.checkpoint.interval.ms = 5000
	replica.lag.time.max.ms = 10000
	replica.socket.receive.buffer.bytes = 65536
	replica.socket.timeout.ms = 30000
	replication.quota.window.num = 11
	replication.quota.window.size.seconds = 1
	request.timeout.ms = 30000
	reserved.broker.max.id = 1000
	sasl.enabled.mechanisms = [GSSAPI]
	sasl.kerberos.kinit.cmd = /usr/bin/kinit
	sasl.kerberos.min.time.before.relogin = 60000
	sasl.kerberos.principal.to.local.rules = [DEFAULT]
	sasl.kerberos.service.name = null
	sasl.kerberos.ticket.renew.jitter = 0.05
	sasl.kerberos.ticket.renew.window.factor = 0.8
	sasl.mechanism.inter.broker.protocol = GSSAPI
	security.inter.broker.protocol = PLAINTEXT
	socket.receive.buffer.bytes = 102400
	socket.request.max.bytes = 104857600
	socket.send.buffer.bytes = 102400
	ssl.cipher.suites = null
	ssl.client.auth = none
	ssl.enabled.protocols = [TLSv1.2, TLSv1.1, TLSv1]
	ssl.endpoint.identification.algorithm = null
	ssl.key.password = null
	ssl.keymanager.algorithm = SunX509
	ssl.keystore.location = null
	ssl.keystore.password = null
	ssl.keystore.type = JKS
	ssl.protocol = TLS
	ssl.provider = null
	ssl.secure.random.implementation = null
	ssl.trustmanager.algorithm = PKIX
	ssl.truststore.location = null
	ssl.truststore.password = null
	ssl.truststore.type = JKS
	unclean.leader.election.enable = true
	zookeeper.connect = localhost:2181
	zookeeper.connection.timeout.ms = 6000
	zookeeper.session.timeout.ms = 6000
	zookeeper.set.acl = false
	zookeeper.sync.time.ms = 2000
 (kafka.server.KafkaConfig)
[2017-03-13 10:32:24,806] INFO starting (kafka.server.KafkaServer)
[2017-03-13 10:32:24,809] INFO Connecting to zookeeper on localhost:2181 (kafka.server.KafkaServer)
[2017-03-13 10:32:28,240] INFO shutting down (kafka.server.KafkaServer)
[2017-03-13 10:32:28,241] FATAL Fatal error during KafkaServer shutdown. (kafka.server.KafkaServer)
java.lang.IllegalStateException: Kafka server is still starting up, cannot shut down!
	at kafka.server.KafkaServer.shutdown(KafkaServer.scala:575)
	at kafka.server.KafkaServerStartable.shutdown(KafkaServerStartable.scala:51)
	at kafka.Kafka$$anon$1.run(Kafka.scala:63)
[2017-03-13 10:32:28,243] FATAL Fatal error during KafkaServerStable shutdown. Prepare to halt (kafka.server.KafkaServerStartable)
java.lang.IllegalStateException: Kafka server is still starting up, cannot shut down!
	at kafka.server.KafkaServer.shutdown(KafkaServer.scala:575)
	at kafka.server.KafkaServerStartable.shutdown(KafkaServerStartable.scala:51)
	at kafka.Kafka$$anon$1.run(Kafka.scala:63)
[2017-03-13 10:38:09,980] INFO KafkaConfig values: 
	advertised.host.name = null
	advertised.listeners = null
	advertised.port = null
	authorizer.class.name = 
	auto.create.topics.enable = true
	auto.leader.rebalance.enable = true
	background.threads = 10
	broker.id = 0
	broker.id.generation.enable = true
	broker.rack = null
	compression.type = producer
	connections.max.idle.ms = 600000
	controlled.shutdown.enable = true
	controlled.shutdown.max.retries = 3
	controlled.shutdown.retry.backoff.ms = 5000
	controller.socket.timeout.ms = 30000
	create.topic.policy.class.name = null
	default.replication.factor = 1
	delete.topic.enable = false
	fetch.purgatory.purge.interval.requests = 1000
	group.max.session.timeout.ms = 300000
	group.min.session.timeout.ms = 6000
	host.name = 
	inter.broker.listener.name = null
	inter.broker.protocol.version = 0.10.2-IV0
	leader.imbalance.check.interval.seconds = 300
	leader.imbalance.per.broker.percentage = 10
	listener.security.protocol.map = SSL:SSL,SASL_PLAINTEXT:SASL_PLAINTEXT,TRACE:TRACE,SASL_SSL:SASL_SSL,PLAINTEXT:PLAINTEXT
	listeners = null
	log.cleaner.backoff.ms = 15000
	log.cleaner.dedupe.buffer.size = 134217728
	log.cleaner.delete.retention.ms = 86400000
	log.cleaner.enable = true
	log.cleaner.io.buffer.load.factor = 0.9
	log.cleaner.io.buffer.size = 524288
	log.cleaner.io.max.bytes.per.second = 1.7976931348623157E308
	log.cleaner.min.cleanable.ratio = 0.5
	log.cleaner.min.compaction.lag.ms = 0
	log.cleaner.threads = 1
	log.cleanup.policy = [delete]
	log.dir = /tmp/kafka-logs
	log.dirs = /tmp/kafka-logs
	log.flush.interval.messages = 9223372036854775807
	log.flush.interval.ms = null
	log.flush.offset.checkpoint.interval.ms = 60000
	log.flush.scheduler.interval.ms = 9223372036854775807
	log.index.interval.bytes = 4096
	log.index.size.max.bytes = 10485760
	log.message.format.version = 0.10.2-IV0
	log.message.timestamp.difference.max.ms = 9223372036854775807
	log.message.timestamp.type = CreateTime
	log.preallocate = false
	log.retention.bytes = -1
	log.retention.check.interval.ms = 300000
	log.retention.hours = 168
	log.retention.minutes = null
	log.retention.ms = null
	log.roll.hours = 168
	log.roll.jitter.hours = 0
	log.roll.jitter.ms = null
	log.roll.ms = null
	log.segment.bytes = 1073741824
	log.segment.delete.delay.ms = 60000
	max.connections.per.ip = 2147483647
	max.connections.per.ip.overrides = 
	message.max.bytes = 1000012
	metric.reporters = []
	metrics.num.samples = 2
	metrics.recording.level = INFO
	metrics.sample.window.ms = 30000
	min.insync.replicas = 1
	num.io.threads = 8
	num.network.threads = 3
	num.partitions = 1
	num.recovery.threads.per.data.dir = 1
	num.replica.fetchers = 1
	offset.metadata.max.bytes = 4096
	offsets.commit.required.acks = -1
	offsets.commit.timeout.ms = 5000
	offsets.load.buffer.size = 5242880
	offsets.retention.check.interval.ms = 600000
	offsets.retention.minutes = 1440
	offsets.topic.compression.codec = 0
	offsets.topic.num.partitions = 50
	offsets.topic.replication.factor = 3
	offsets.topic.segment.bytes = 104857600
	port = 9092
	principal.builder.class = class org.apache.kafka.common.security.auth.DefaultPrincipalBuilder
	producer.purgatory.purge.interval.requests = 1000
	queued.max.requests = 500
	quota.consumer.default = 9223372036854775807
	quota.producer.default = 9223372036854775807
	quota.window.num = 11
	quota.window.size.seconds = 1
	replica.fetch.backoff.ms = 1000
	replica.fetch.max.bytes = 1048576
	replica.fetch.min.bytes = 1
	replica.fetch.response.max.bytes = 10485760
	replica.fetch.wait.max.ms = 500
	replica.high.watermark.checkpoint.interval.ms = 5000
	replica.lag.time.max.ms = 10000
	replica.socket.receive.buffer.bytes = 65536
	replica.socket.timeout.ms = 30000
	replication.quota.window.num = 11
	replication.quota.window.size.seconds = 1
	request.timeout.ms = 30000
	reserved.broker.max.id = 1000
	sasl.enabled.mechanisms = [GSSAPI]
	sasl.kerberos.kinit.cmd = /usr/bin/kinit
	sasl.kerberos.min.time.before.relogin = 60000
	sasl.kerberos.principal.to.local.rules = [DEFAULT]
	sasl.kerberos.service.name = null
	sasl.kerberos.ticket.renew.jitter = 0.05
	sasl.kerberos.ticket.renew.window.factor = 0.8
	sasl.mechanism.inter.broker.protocol = GSSAPI
	security.inter.broker.protocol = PLAINTEXT
	socket.receive.buffer.bytes = 102400
	socket.request.max.bytes = 104857600
	socket.send.buffer.bytes = 102400
	ssl.cipher.suites = null
	ssl.client.auth = none
	ssl.enabled.protocols = [TLSv1.2, TLSv1.1, TLSv1]
	ssl.endpoint.identification.algorithm = null
	ssl.key.password = null
	ssl.keymanager.algorithm = SunX509
	ssl.keystore.location = null
	ssl.keystore.password = null
	ssl.keystore.type = JKS
	ssl.protocol = TLS
	ssl.provider = null
	ssl.secure.random.implementation = null
	ssl.trustmanager.algorithm = PKIX
	ssl.truststore.location = null
	ssl.truststore.password = null
	ssl.truststore.type = JKS
	unclean.leader.election.enable = true
	zookeeper.connect = localhost:2181
	zookeeper.connection.timeout.ms = 6000
	zookeeper.session.timeout.ms = 6000
	zookeeper.set.acl = false
	zookeeper.sync.time.ms = 2000
 (kafka.server.KafkaConfig)
[2017-03-13 10:38:10,014] INFO starting (kafka.server.KafkaServer)
[2017-03-13 10:38:10,016] INFO Connecting to zookeeper on localhost:2181 (kafka.server.KafkaServer)
[2017-03-13 10:38:10,777] INFO Cluster ID = toxvfeGiRSqeN9l4EuACfg (kafka.server.KafkaServer)
[2017-03-13 10:38:10,785] WARN No meta.properties file under dir D:\tmp\kafka-logs\meta.properties (kafka.server.BrokerMetadataCheckpoint)
[2017-03-13 10:38:10,801] INFO [ThrottledRequestReaper-Fetch], Starting  (kafka.server.ClientQuotaManager$ThrottledRequestReaper)
[2017-03-13 10:38:10,804] INFO [ThrottledRequestReaper-Produce], Starting  (kafka.server.ClientQuotaManager$ThrottledRequestReaper)
[2017-03-13 10:38:10,826] INFO Log directory 'D:\tmp\kafka-logs' not found, creating it. (kafka.log.LogManager)
[2017-03-13 10:38:10,834] INFO Loading logs. (kafka.log.LogManager)
[2017-03-13 10:38:10,849] INFO Logs loading complete in 14 ms. (kafka.log.LogManager)
[2017-03-13 10:38:10,901] INFO Starting log cleanup with a period of 300000 ms. (kafka.log.LogManager)
[2017-03-13 10:38:10,902] INFO Starting log flusher with a default period of 9223372036854775807 ms. (kafka.log.LogManager)
[2017-03-13 10:38:10,935] INFO Awaiting socket connections on 0.0.0.0:9092. (kafka.network.Acceptor)
[2017-03-13 10:38:10,938] INFO [Socket Server on Broker 0], Started 1 acceptor threads (kafka.network.SocketServer)
[2017-03-13 10:38:10,952] INFO [ExpirationReaper-0], Starting  (kafka.server.DelayedOperationPurgatory$ExpiredOperationReaper)
[2017-03-13 10:38:10,953] INFO [ExpirationReaper-0], Starting  (kafka.server.DelayedOperationPurgatory$ExpiredOperationReaper)
[2017-03-13 10:38:10,977] INFO Creating /controller (is it secure? false) (kafka.utils.ZKCheckedEphemeral)
[2017-03-13 10:38:11,024] INFO Result of znode creation is: OK (kafka.utils.ZKCheckedEphemeral)
[2017-03-13 10:38:11,025] INFO 0 successfully elected as leader (kafka.server.ZookeeperLeaderElector)
[2017-03-13 10:38:11,181] INFO [ExpirationReaper-0], Starting  (kafka.server.DelayedOperationPurgatory$ExpiredOperationReaper)
[2017-03-13 10:38:11,183] INFO [ExpirationReaper-0], Starting  (kafka.server.DelayedOperationPurgatory$ExpiredOperationReaper)
[2017-03-13 10:38:11,184] INFO [ExpirationReaper-0], Starting  (kafka.server.DelayedOperationPurgatory$ExpiredOperationReaper)
[2017-03-13 10:38:11,193] INFO [GroupCoordinator 0]: Starting up. (kafka.coordinator.GroupCoordinator)
[2017-03-13 10:38:11,194] INFO [GroupCoordinator 0]: Startup complete. (kafka.coordinator.GroupCoordinator)
[2017-03-13 10:38:11,196] INFO [Group Metadata Manager on Broker 0]: Removed 0 expired offsets in 2 milliseconds. (kafka.coordinator.GroupMetadataManager)
[2017-03-13 10:38:11,210] INFO Will not load MX4J, mx4j-tools.jar is not in the classpath (kafka.utils.Mx4jLoader$)
[2017-03-13 10:38:11,234] INFO Creating /brokers/ids/0 (is it secure? false) (kafka.utils.ZKCheckedEphemeral)
[2017-03-13 10:38:11,244] INFO New leader is 0 (kafka.server.ZookeeperLeaderElector$LeaderChangeListener)
[2017-03-13 10:38:11,299] INFO Result of znode creation is: OK (kafka.utils.ZKCheckedEphemeral)
[2017-03-13 10:38:11,301] INFO Registered broker 0 at path /brokers/ids/0 with addresses: EndPoint(DESKTOP-AHKT8UN,9092,ListenerName(PLAINTEXT),PLAINTEXT) (kafka.utils.ZkUtils)
[2017-03-13 10:38:11,303] WARN No meta.properties file under dir D:\tmp\kafka-logs\meta.properties (kafka.server.BrokerMetadataCheckpoint)
[2017-03-13 10:38:11,353] INFO [Kafka Server 0], started (kafka.server.KafkaServer)
[2017-03-13 10:38:52,071] INFO [ReplicaFetcherManager on broker 0] Removed fetcher for partitions springCloudBusOutput-0 (kafka.server.ReplicaFetcherManager)
[2017-03-13 10:38:52,103] INFO Completed load of log springCloudBusOutput-0 with 1 log segments and log end offset 0 in 21 ms (kafka.log.Log)
[2017-03-13 10:38:52,106] INFO Created log for partition [springCloudBusOutput,0] in D:\tmp\kafka-logs with properties {compression.type -> producer, message.format.version -> 0.10.2-IV0, file.delete.delay.ms -> 60000, max.message.bytes -> 1000012, min.compaction.lag.ms -> 0, message.timestamp.type -> CreateTime, min.insync.replicas -> 1, segment.jitter.ms -> 0, preallocate -> false, min.cleanable.dirty.ratio -> 0.5, index.interval.bytes -> 4096, unclean.leader.election.enable -> true, retention.bytes -> -1, delete.retention.ms -> 86400000, cleanup.policy -> [delete], flush.ms -> 9223372036854775807, segment.ms -> 604800000, segment.bytes -> 1073741824, retention.ms -> 604800000, message.timestamp.difference.max.ms -> 9223372036854775807, segment.index.bytes -> 10485760, flush.messages -> 9223372036854775807}. (kafka.log.LogManager)
[2017-03-13 10:38:52,108] INFO Partition [springCloudBusOutput,0] on broker 0: No checkpointed highwatermark is found for partition springCloudBusOutput-0 (kafka.cluster.Partition)
[2017-03-13 10:38:52,857] INFO Topic creation {"version":1,"partitions":{"0":[0]}} (kafka.admin.AdminUtils$)
[2017-03-13 10:38:52,923] INFO Topic creation {"version":1,"partitions":{"0":[0]}} (kafka.admin.AdminUtils$)
[2017-03-13 10:38:52,923] INFO Topic creation {"version":1,"partitions":{"0":[0]}} (kafka.admin.AdminUtils$)
[2017-03-13 10:38:52,926] INFO [KafkaApi-0] Auto creation of topic exampleTopic with 1 partitions and replication factor 1 is successful (kafka.server.KafkaApis)
[2017-03-13 10:38:53,248] INFO [ReplicaFetcherManager on broker 0] Removed fetcher for partitions springCloudBusInput-0 (kafka.server.ReplicaFetcherManager)
[2017-03-13 10:38:53,279] INFO Topic creation {"version":1,"partitions":{"45":[0],"34":[0],"12":[0],"8":[0],"19":[0],"23":[0],"4":[0],"40":[0],"15":[0],"11":[0],"9":[0],"44":[0],"33":[0],"22":[0],"26":[0],"37":[0],"13":[0],"46":[0],"24":[0],"35":[0],"16":[0],"5":[0],"10":[0],"48":[0],"21":[0],"43":[0],"32":[0],"49":[0],"6":[0],"36":[0],"1":[0],"39":[0],"17":[0],"25":[0],"14":[0],"47":[0],"31":[0],"42":[0],"0":[0],"20":[0],"27":[0],"2":[0],"38":[0],"18":[0],"30":[0],"7":[0],"29":[0],"41":[0],"3":[0],"28":[0]}} (kafka.admin.AdminUtils$)
[2017-03-13 10:38:53,312] INFO Topic creation {"version":1,"partitions":{"45":[0],"34":[0],"12":[0],"8":[0],"19":[0],"23":[0],"4":[0],"40":[0],"15":[0],"11":[0],"9":[0],"44":[0],"33":[0],"22":[0],"26":[0],"37":[0],"13":[0],"46":[0],"24":[0],"35":[0],"16":[0],"5":[0],"10":[0],"48":[0],"21":[0],"43":[0],"32":[0],"49":[0],"6":[0],"36":[0],"1":[0],"39":[0],"17":[0],"25":[0],"14":[0],"47":[0],"31":[0],"42":[0],"0":[0],"20":[0],"27":[0],"2":[0],"38":[0],"18":[0],"30":[0],"7":[0],"29":[0],"41":[0],"3":[0],"28":[0]}} (kafka.admin.AdminUtils$)
[2017-03-13 10:38:53,312] INFO Topic creation {"version":1,"partitions":{"45":[0],"34":[0],"12":[0],"8":[0],"19":[0],"23":[0],"4":[0],"40":[0],"15":[0],"11":[0],"9":[0],"44":[0],"33":[0],"22":[0],"26":[0],"37":[0],"13":[0],"46":[0],"24":[0],"35":[0],"16":[0],"5":[0],"10":[0],"48":[0],"21":[0],"43":[0],"32":[0],"49":[0],"6":[0],"36":[0],"1":[0],"39":[0],"17":[0],"25":[0],"14":[0],"47":[0],"31":[0],"42":[0],"0":[0],"20":[0],"27":[0],"2":[0],"38":[0],"18":[0],"30":[0],"7":[0],"29":[0],"41":[0],"3":[0],"28":[0]}} (kafka.admin.AdminUtils$)
[2017-03-13 10:38:53,319] INFO Completed load of log springCloudBusInput-0 with 1 log segments and log end offset 0 in 35 ms (kafka.log.Log)
[2017-03-13 10:38:53,321] INFO Created log for partition [springCloudBusInput,0] in D:\tmp\kafka-logs with properties {compression.type -> producer, message.format.version -> 0.10.2-IV0, file.delete.delay.ms -> 60000, max.message.bytes -> 1000012, min.compaction.lag.ms -> 0, message.timestamp.type -> CreateTime, min.insync.replicas -> 1, segment.jitter.ms -> 0, preallocate -> false, min.cleanable.dirty.ratio -> 0.5, index.interval.bytes -> 4096, unclean.leader.election.enable -> true, retention.bytes -> -1, delete.retention.ms -> 86400000, cleanup.policy -> [delete], flush.ms -> 9223372036854775807, segment.ms -> 604800000, segment.bytes -> 1073741824, retention.ms -> 604800000, message.timestamp.difference.max.ms -> 9223372036854775807, segment.index.bytes -> 10485760, flush.messages -> 9223372036854775807}. (kafka.log.LogManager)
[2017-03-13 10:38:53,322] INFO Partition [springCloudBusInput,0] on broker 0: No checkpointed highwatermark is found for partition springCloudBusInput-0 (kafka.cluster.Partition)
[2017-03-13 10:38:53,353] INFO [KafkaApi-0] Auto creation of topic __consumer_offsets with 50 partitions and replication factor 1 is successful (kafka.server.KafkaApis)
[2017-03-13 10:38:53,549] INFO [ReplicaFetcherManager on broker 0] Removed fetcher for partitions exampleTopic-0 (kafka.server.ReplicaFetcherManager)
[2017-03-13 10:38:53,587] INFO Completed load of log exampleTopic-0 with 1 log segments and log end offset 0 in 3 ms (kafka.log.Log)
[2017-03-13 10:38:53,594] INFO Created log for partition [exampleTopic,0] in D:\tmp\kafka-logs with properties {compression.type -> producer, message.format.version -> 0.10.2-IV0, file.delete.delay.ms -> 60000, max.message.bytes -> 1000012, min.compaction.lag.ms -> 0, message.timestamp.type -> CreateTime, min.insync.replicas -> 1, segment.jitter.ms -> 0, preallocate -> false, min.cleanable.dirty.ratio -> 0.5, index.interval.bytes -> 4096, unclean.leader.election.enable -> true, retention.bytes -> -1, delete.retention.ms -> 86400000, cleanup.policy -> [delete], flush.ms -> 9223372036854775807, segment.ms -> 604800000, segment.bytes -> 1073741824, retention.ms -> 604800000, message.timestamp.difference.max.ms -> 9223372036854775807, segment.index.bytes -> 10485760, flush.messages -> 9223372036854775807}. (kafka.log.LogManager)
[2017-03-13 10:38:53,599] INFO Partition [exampleTopic,0] on broker 0: No checkpointed highwatermark is found for partition exampleTopic-0 (kafka.cluster.Partition)
[2017-03-13 10:38:58,894] INFO [ReplicaFetcherManager on broker 0] Removed fetcher for partitions __consumer_offsets-22,__consumer_offsets-30,__consumer_offsets-8,__consumer_offsets-21,__consumer_offsets-4,__consumer_offsets-27,__consumer_offsets-7,__consumer_offsets-9,__consumer_offsets-46,__consumer_offsets-25,__consumer_offsets-35,__consumer_offsets-41,__consumer_offsets-33,__consumer_offsets-23,__consumer_offsets-49,__consumer_offsets-47,__consumer_offsets-16,__consumer_offsets-28,__consumer_offsets-31,__consumer_offsets-36,__consumer_offsets-42,__consumer_offsets-3,__consumer_offsets-18,__consumer_offsets-37,__consumer_offsets-15,__consumer_offsets-24,__consumer_offsets-38,__consumer_offsets-17,__consumer_offsets-48,__consumer_offsets-19,__consumer_offsets-11,__consumer_offsets-13,__consumer_offsets-2,__consumer_offsets-43,__consumer_offsets-6,__consumer_offsets-14,__consumer_offsets-20,__consumer_offsets-0,__consumer_offsets-44,__consumer_offsets-39,__consumer_offsets-12,__consumer_offsets-45,__consumer_offsets-1,__consumer_offsets-5,__consumer_offsets-26,__consumer_offsets-29,__consumer_offsets-34,__consumer_offsets-10,__consumer_offsets-32,__consumer_offsets-40 (kafka.server.ReplicaFetcherManager)
[2017-03-13 10:38:58,902] INFO Completed load of log __consumer_offsets-0 with 1 log segments and log end offset 0 in 4 ms (kafka.log.Log)
[2017-03-13 10:38:58,903] INFO Created log for partition [__consumer_offsets,0] in D:\tmp\kafka-logs with properties {compression.type -> producer, message.format.version -> 0.10.2-IV0, file.delete.delay.ms -> 60000, max.message.bytes -> 1000012, min.compaction.lag.ms -> 0, message.timestamp.type -> CreateTime, min.insync.replicas -> 1, segment.jitter.ms -> 0, preallocate -> false, min.cleanable.dirty.ratio -> 0.5, index.interval.bytes -> 4096, unclean.leader.election.enable -> true, retention.bytes -> -1, delete.retention.ms -> 86400000, cleanup.policy -> compact, flush.ms -> 9223372036854775807, segment.ms -> 604800000, segment.bytes -> 104857600, retention.ms -> 604800000, message.timestamp.difference.max.ms -> 9223372036854775807, segment.index.bytes -> 10485760, flush.messages -> 9223372036854775807}. (kafka.log.LogManager)
[2017-03-13 10:38:58,904] INFO Partition [__consumer_offsets,0] on broker 0: No checkpointed highwatermark is found for partition __consumer_offsets-0 (kafka.cluster.Partition)
[2017-03-13 10:38:58,912] INFO Completed load of log __consumer_offsets-29 with 1 log segments and log end offset 0 in 4 ms (kafka.log.Log)
[2017-03-13 10:38:58,915] INFO Created log for partition [__consumer_offsets,29] in D:\tmp\kafka-logs with properties {compression.type -> producer, message.format.version -> 0.10.2-IV0, file.delete.delay.ms -> 60000, max.message.bytes -> 1000012, min.compaction.lag.ms -> 0, message.timestamp.type -> CreateTime, min.insync.replicas -> 1, segment.jitter.ms -> 0, preallocate -> false, min.cleanable.dirty.ratio -> 0.5, index.interval.bytes -> 4096, unclean.leader.election.enable -> true, retention.bytes -> -1, delete.retention.ms -> 86400000, cleanup.policy -> compact, flush.ms -> 9223372036854775807, segment.ms -> 604800000, segment.bytes -> 104857600, retention.ms -> 604800000, message.timestamp.difference.max.ms -> 9223372036854775807, segment.index.bytes -> 10485760, flush.messages -> 9223372036854775807}. (kafka.log.LogManager)
[2017-03-13 10:38:58,917] INFO Partition [__consumer_offsets,29] on broker 0: No checkpointed highwatermark is found for partition __consumer_offsets-29 (kafka.cluster.Partition)
[2017-03-13 10:38:58,927] INFO Completed load of log __consumer_offsets-48 with 1 log segments and log end offset 0 in 5 ms (kafka.log.Log)
[2017-03-13 10:38:58,929] INFO Created log for partition [__consumer_offsets,48] in D:\tmp\kafka-logs with properties {compression.type -> producer, message.format.version -> 0.10.2-IV0, file.delete.delay.ms -> 60000, max.message.bytes -> 1000012, min.compaction.lag.ms -> 0, message.timestamp.type -> CreateTime, min.insync.replicas -> 1, segment.jitter.ms -> 0, preallocate -> false, min.cleanable.dirty.ratio -> 0.5, index.interval.bytes -> 4096, unclean.leader.election.enable -> true, retention.bytes -> -1, delete.retention.ms -> 86400000, cleanup.policy -> compact, flush.ms -> 9223372036854775807, segment.ms -> 604800000, segment.bytes -> 104857600, retention.ms -> 604800000, message.timestamp.difference.max.ms -> 9223372036854775807, segment.index.bytes -> 10485760, flush.messages -> 9223372036854775807}. (kafka.log.LogManager)
[2017-03-13 10:38:58,932] INFO Partition [__consumer_offsets,48] on broker 0: No checkpointed highwatermark is found for partition __consumer_offsets-48 (kafka.cluster.Partition)
[2017-03-13 10:38:58,960] INFO Completed load of log __consumer_offsets-10 with 1 log segments and log end offset 0 in 5 ms (kafka.log.Log)
[2017-03-13 10:38:58,963] INFO Created log for partition [__consumer_offsets,10] in D:\tmp\kafka-logs with properties {compression.type -> producer, message.format.version -> 0.10.2-IV0, file.delete.delay.ms -> 60000, max.message.bytes -> 1000012, min.compaction.lag.ms -> 0, message.timestamp.type -> CreateTime, min.insync.replicas -> 1, segment.jitter.ms -> 0, preallocate -> false, min.cleanable.dirty.ratio -> 0.5, index.interval.bytes -> 4096, unclean.leader.election.enable -> true, retention.bytes -> -1, delete.retention.ms -> 86400000, cleanup.policy -> compact, flush.ms -> 9223372036854775807, segment.ms -> 604800000, segment.bytes -> 104857600, retention.ms -> 604800000, message.timestamp.difference.max.ms -> 9223372036854775807, segment.index.bytes -> 10485760, flush.messages -> 9223372036854775807}. (kafka.log.LogManager)
[2017-03-13 10:38:58,967] INFO Partition [__consumer_offsets,10] on broker 0: No checkpointed highwatermark is found for partition __consumer_offsets-10 (kafka.cluster.Partition)
[2017-03-13 10:38:58,977] INFO Completed load of log __consumer_offsets-45 with 1 log segments and log end offset 0 in 5 ms (kafka.log.Log)
[2017-03-13 10:38:58,978] INFO Created log for partition [__consumer_offsets,45] in D:\tmp\kafka-logs with properties {compression.type -> producer, message.format.version -> 0.10.2-IV0, file.delete.delay.ms -> 60000, max.message.bytes -> 1000012, min.compaction.lag.ms -> 0, message.timestamp.type -> CreateTime, min.insync.replicas -> 1, segment.jitter.ms -> 0, preallocate -> false, min.cleanable.dirty.ratio -> 0.5, index.interval.bytes -> 4096, unclean.leader.election.enable -> true, retention.bytes -> -1, delete.retention.ms -> 86400000, cleanup.policy -> compact, flush.ms -> 9223372036854775807, segment.ms -> 604800000, segment.bytes -> 104857600, retention.ms -> 604800000, message.timestamp.difference.max.ms -> 9223372036854775807, segment.index.bytes -> 10485760, flush.messages -> 9223372036854775807}. (kafka.log.LogManager)
[2017-03-13 10:38:58,980] INFO Partition [__consumer_offsets,45] on broker 0: No checkpointed highwatermark is found for partition __consumer_offsets-45 (kafka.cluster.Partition)
[2017-03-13 10:38:58,987] INFO Completed load of log __consumer_offsets-26 with 1 log segments and log end offset 0 in 3 ms (kafka.log.Log)
[2017-03-13 10:38:58,990] INFO Created log for partition [__consumer_offsets,26] in D:\tmp\kafka-logs with properties {compression.type -> producer, message.format.version -> 0.10.2-IV0, file.delete.delay.ms -> 60000, max.message.bytes -> 1000012, min.compaction.lag.ms -> 0, message.timestamp.type -> CreateTime, min.insync.replicas -> 1, segment.jitter.ms -> 0, preallocate -> false, min.cleanable.dirty.ratio -> 0.5, index.interval.bytes -> 4096, unclean.leader.election.enable -> true, retention.bytes -> -1, delete.retention.ms -> 86400000, cleanup.policy -> compact, flush.ms -> 9223372036854775807, segment.ms -> 604800000, segment.bytes -> 104857600, retention.ms -> 604800000, message.timestamp.difference.max.ms -> 9223372036854775807, segment.index.bytes -> 10485760, flush.messages -> 9223372036854775807}. (kafka.log.LogManager)
[2017-03-13 10:38:58,992] INFO Partition [__consumer_offsets,26] on broker 0: No checkpointed highwatermark is found for partition __consumer_offsets-26 (kafka.cluster.Partition)
[2017-03-13 10:38:59,002] INFO Completed load of log __consumer_offsets-7 with 1 log segments and log end offset 0 in 6 ms (kafka.log.Log)
[2017-03-13 10:38:59,005] INFO Created log for partition [__consumer_offsets,7] in D:\tmp\kafka-logs with properties {compression.type -> producer, message.format.version -> 0.10.2-IV0, file.delete.delay.ms -> 60000, max.message.bytes -> 1000012, min.compaction.lag.ms -> 0, message.timestamp.type -> CreateTime, min.insync.replicas -> 1, segment.jitter.ms -> 0, preallocate -> false, min.cleanable.dirty.ratio -> 0.5, index.interval.bytes -> 4096, unclean.leader.election.enable -> true, retention.bytes -> -1, delete.retention.ms -> 86400000, cleanup.policy -> compact, flush.ms -> 9223372036854775807, segment.ms -> 604800000, segment.bytes -> 104857600, retention.ms -> 604800000, message.timestamp.difference.max.ms -> 9223372036854775807, segment.index.bytes -> 10485760, flush.messages -> 9223372036854775807}. (kafka.log.LogManager)
[2017-03-13 10:38:59,035] INFO Partition [__consumer_offsets,7] on broker 0: No checkpointed highwatermark is found for partition __consumer_offsets-7 (kafka.cluster.Partition)
[2017-03-13 10:38:59,065] INFO Completed load of log __consumer_offsets-42 with 1 log segments and log end offset 0 in 3 ms (kafka.log.Log)
[2017-03-13 10:38:59,083] INFO Created log for partition [__consumer_offsets,42] in D:\tmp\kafka-logs with properties {compression.type -> producer, message.format.version -> 0.10.2-IV0, file.delete.delay.ms -> 60000, max.message.bytes -> 1000012, min.compaction.lag.ms -> 0, message.timestamp.type -> CreateTime, min.insync.replicas -> 1, segment.jitter.ms -> 0, preallocate -> false, min.cleanable.dirty.ratio -> 0.5, index.interval.bytes -> 4096, unclean.leader.election.enable -> true, retention.bytes -> -1, delete.retention.ms -> 86400000, cleanup.policy -> compact, flush.ms -> 9223372036854775807, segment.ms -> 604800000, segment.bytes -> 104857600, retention.ms -> 604800000, message.timestamp.difference.max.ms -> 9223372036854775807, segment.index.bytes -> 10485760, flush.messages -> 9223372036854775807}. (kafka.log.LogManager)
[2017-03-13 10:38:59,093] INFO Partition [__consumer_offsets,42] on broker 0: No checkpointed highwatermark is found for partition __consumer_offsets-42 (kafka.cluster.Partition)
[2017-03-13 10:38:59,102] INFO Completed load of log __consumer_offsets-4 with 1 log segments and log end offset 0 in 3 ms (kafka.log.Log)
[2017-03-13 10:38:59,103] INFO Created log for partition [__consumer_offsets,4] in D:\tmp\kafka-logs with properties {compression.type -> producer, message.format.version -> 0.10.2-IV0, file.delete.delay.ms -> 60000, max.message.bytes -> 1000012, min.compaction.lag.ms -> 0, message.timestamp.type -> CreateTime, min.insync.replicas -> 1, segment.jitter.ms -> 0, preallocate -> false, min.cleanable.dirty.ratio -> 0.5, index.interval.bytes -> 4096, unclean.leader.election.enable -> true, retention.bytes -> -1, delete.retention.ms -> 86400000, cleanup.policy -> compact, flush.ms -> 9223372036854775807, segment.ms -> 604800000, segment.bytes -> 104857600, retention.ms -> 604800000, message.timestamp.difference.max.ms -> 9223372036854775807, segment.index.bytes -> 10485760, flush.messages -> 9223372036854775807}. (kafka.log.LogManager)
[2017-03-13 10:38:59,107] INFO Partition [__consumer_offsets,4] on broker 0: No checkpointed highwatermark is found for partition __consumer_offsets-4 (kafka.cluster.Partition)
[2017-03-13 10:38:59,116] INFO Completed load of log __consumer_offsets-23 with 1 log segments and log end offset 0 in 5 ms (kafka.log.Log)
[2017-03-13 10:38:59,119] INFO Created log for partition [__consumer_offsets,23] in D:\tmp\kafka-logs with properties {compression.type -> producer, message.format.version -> 0.10.2-IV0, file.delete.delay.ms -> 60000, max.message.bytes -> 1000012, min.compaction.lag.ms -> 0, message.timestamp.type -> CreateTime, min.insync.replicas -> 1, segment.jitter.ms -> 0, preallocate -> false, min.cleanable.dirty.ratio -> 0.5, index.interval.bytes -> 4096, unclean.leader.election.enable -> true, retention.bytes -> -1, delete.retention.ms -> 86400000, cleanup.policy -> compact, flush.ms -> 9223372036854775807, segment.ms -> 604800000, segment.bytes -> 104857600, retention.ms -> 604800000, message.timestamp.difference.max.ms -> 9223372036854775807, segment.index.bytes -> 10485760, flush.messages -> 9223372036854775807}. (kafka.log.LogManager)
[2017-03-13 10:38:59,120] INFO Partition [__consumer_offsets,23] on broker 0: No checkpointed highwatermark is found for partition __consumer_offsets-23 (kafka.cluster.Partition)
[2017-03-13 10:38:59,134] INFO Completed load of log __consumer_offsets-1 with 1 log segments and log end offset 0 in 3 ms (kafka.log.Log)
[2017-03-13 10:38:59,136] INFO Created log for partition [__consumer_offsets,1] in D:\tmp\kafka-logs with properties {compression.type -> producer, message.format.version -> 0.10.2-IV0, file.delete.delay.ms -> 60000, max.message.bytes -> 1000012, min.compaction.lag.ms -> 0, message.timestamp.type -> CreateTime, min.insync.replicas -> 1, segment.jitter.ms -> 0, preallocate -> false, min.cleanable.dirty.ratio -> 0.5, index.interval.bytes -> 4096, unclean.leader.election.enable -> true, retention.bytes -> -1, delete.retention.ms -> 86400000, cleanup.policy -> compact, flush.ms -> 9223372036854775807, segment.ms -> 604800000, segment.bytes -> 104857600, retention.ms -> 604800000, message.timestamp.difference.max.ms -> 9223372036854775807, segment.index.bytes -> 10485760, flush.messages -> 9223372036854775807}. (kafka.log.LogManager)
[2017-03-13 10:38:59,139] INFO Partition [__consumer_offsets,1] on broker 0: No checkpointed highwatermark is found for partition __consumer_offsets-1 (kafka.cluster.Partition)
[2017-03-13 10:38:59,202] INFO Completed load of log __consumer_offsets-20 with 1 log segments and log end offset 0 in 48 ms (kafka.log.Log)
[2017-03-13 10:38:59,204] INFO Created log for partition [__consumer_offsets,20] in D:\tmp\kafka-logs with properties {compression.type -> producer, message.format.version -> 0.10.2-IV0, file.delete.delay.ms -> 60000, max.message.bytes -> 1000012, min.compaction.lag.ms -> 0, message.timestamp.type -> CreateTime, min.insync.replicas -> 1, segment.jitter.ms -> 0, preallocate -> false, min.cleanable.dirty.ratio -> 0.5, index.interval.bytes -> 4096, unclean.leader.election.enable -> true, retention.bytes -> -1, delete.retention.ms -> 86400000, cleanup.policy -> compact, flush.ms -> 9223372036854775807, segment.ms -> 604800000, segment.bytes -> 104857600, retention.ms -> 604800000, message.timestamp.difference.max.ms -> 9223372036854775807, segment.index.bytes -> 10485760, flush.messages -> 9223372036854775807}. (kafka.log.LogManager)
[2017-03-13 10:38:59,206] INFO Partition [__consumer_offsets,20] on broker 0: No checkpointed highwatermark is found for partition __consumer_offsets-20 (kafka.cluster.Partition)
[2017-03-13 10:38:59,211] INFO Completed load of log __consumer_offsets-39 with 1 log segments and log end offset 0 in 2 ms (kafka.log.Log)
[2017-03-13 10:38:59,212] INFO Created log for partition [__consumer_offsets,39] in D:\tmp\kafka-logs with properties {compression.type -> producer, message.format.version -> 0.10.2-IV0, file.delete.delay.ms -> 60000, max.message.bytes -> 1000012, min.compaction.lag.ms -> 0, message.timestamp.type -> CreateTime, min.insync.replicas -> 1, segment.jitter.ms -> 0, preallocate -> false, min.cleanable.dirty.ratio -> 0.5, index.interval.bytes -> 4096, unclean.leader.election.enable -> true, retention.bytes -> -1, delete.retention.ms -> 86400000, cleanup.policy -> compact, flush.ms -> 9223372036854775807, segment.ms -> 604800000, segment.bytes -> 104857600, retention.ms -> 604800000, message.timestamp.difference.max.ms -> 9223372036854775807, segment.index.bytes -> 10485760, flush.messages -> 9223372036854775807}. (kafka.log.LogManager)
[2017-03-13 10:38:59,214] INFO Partition [__consumer_offsets,39] on broker 0: No checkpointed highwatermark is found for partition __consumer_offsets-39 (kafka.cluster.Partition)
[2017-03-13 10:38:59,224] INFO Completed load of log __consumer_offsets-17 with 1 log segments and log end offset 0 in 3 ms (kafka.log.Log)
[2017-03-13 10:38:59,225] INFO Created log for partition [__consumer_offsets,17] in D:\tmp\kafka-logs with properties {compression.type -> producer, message.format.version -> 0.10.2-IV0, file.delete.delay.ms -> 60000, max.message.bytes -> 1000012, min.compaction.lag.ms -> 0, message.timestamp.type -> CreateTime, min.insync.replicas -> 1, segment.jitter.ms -> 0, preallocate -> false, min.cleanable.dirty.ratio -> 0.5, index.interval.bytes -> 4096, unclean.leader.election.enable -> true, retention.bytes -> -1, delete.retention.ms -> 86400000, cleanup.policy -> compact, flush.ms -> 9223372036854775807, segment.ms -> 604800000, segment.bytes -> 104857600, retention.ms -> 604800000, message.timestamp.difference.max.ms -> 9223372036854775807, segment.index.bytes -> 10485760, flush.messages -> 9223372036854775807}. (kafka.log.LogManager)
[2017-03-13 10:38:59,226] INFO Partition [__consumer_offsets,17] on broker 0: No checkpointed highwatermark is found for partition __consumer_offsets-17 (kafka.cluster.Partition)
[2017-03-13 10:38:59,237] INFO Completed load of log __consumer_offsets-36 with 1 log segments and log end offset 0 in 4 ms (kafka.log.Log)
[2017-03-13 10:38:59,244] INFO Created log for partition [__consumer_offsets,36] in D:\tmp\kafka-logs with properties {compression.type -> producer, message.format.version -> 0.10.2-IV0, file.delete.delay.ms -> 60000, max.message.bytes -> 1000012, min.compaction.lag.ms -> 0, message.timestamp.type -> CreateTime, min.insync.replicas -> 1, segment.jitter.ms -> 0, preallocate -> false, min.cleanable.dirty.ratio -> 0.5, index.interval.bytes -> 4096, unclean.leader.election.enable -> true, retention.bytes -> -1, delete.retention.ms -> 86400000, cleanup.policy -> compact, flush.ms -> 9223372036854775807, segment.ms -> 604800000, segment.bytes -> 104857600, retention.ms -> 604800000, message.timestamp.difference.max.ms -> 9223372036854775807, segment.index.bytes -> 10485760, flush.messages -> 9223372036854775807}. (kafka.log.LogManager)
[2017-03-13 10:38:59,254] INFO Partition [__consumer_offsets,36] on broker 0: No checkpointed highwatermark is found for partition __consumer_offsets-36 (kafka.cluster.Partition)
[2017-03-13 10:38:59,289] INFO Completed load of log __consumer_offsets-14 with 1 log segments and log end offset 0 in 17 ms (kafka.log.Log)
[2017-03-13 10:38:59,292] INFO Created log for partition [__consumer_offsets,14] in D:\tmp\kafka-logs with properties {compression.type -> producer, message.format.version -> 0.10.2-IV0, file.delete.delay.ms -> 60000, max.message.bytes -> 1000012, min.compaction.lag.ms -> 0, message.timestamp.type -> CreateTime, min.insync.replicas -> 1, segment.jitter.ms -> 0, preallocate -> false, min.cleanable.dirty.ratio -> 0.5, index.interval.bytes -> 4096, unclean.leader.election.enable -> true, retention.bytes -> -1, delete.retention.ms -> 86400000, cleanup.policy -> compact, flush.ms -> 9223372036854775807, segment.ms -> 604800000, segment.bytes -> 104857600, retention.ms -> 604800000, message.timestamp.difference.max.ms -> 9223372036854775807, segment.index.bytes -> 10485760, flush.messages -> 9223372036854775807}. (kafka.log.LogManager)
[2017-03-13 10:38:59,293] INFO Partition [__consumer_offsets,14] on broker 0: No checkpointed highwatermark is found for partition __consumer_offsets-14 (kafka.cluster.Partition)
[2017-03-13 10:38:59,302] INFO Completed load of log __consumer_offsets-33 with 1 log segments and log end offset 0 in 5 ms (kafka.log.Log)
[2017-03-13 10:38:59,304] INFO Created log for partition [__consumer_offsets,33] in D:\tmp\kafka-logs with properties {compression.type -> producer, message.format.version -> 0.10.2-IV0, file.delete.delay.ms -> 60000, max.message.bytes -> 1000012, min.compaction.lag.ms -> 0, message.timestamp.type -> CreateTime, min.insync.replicas -> 1, segment.jitter.ms -> 0, preallocate -> false, min.cleanable.dirty.ratio -> 0.5, index.interval.bytes -> 4096, unclean.leader.election.enable -> true, retention.bytes -> -1, delete.retention.ms -> 86400000, cleanup.policy -> compact, flush.ms -> 9223372036854775807, segment.ms -> 604800000, segment.bytes -> 104857600, retention.ms -> 604800000, message.timestamp.difference.max.ms -> 9223372036854775807, segment.index.bytes -> 10485760, flush.messages -> 9223372036854775807}. (kafka.log.LogManager)
[2017-03-13 10:38:59,306] INFO Partition [__consumer_offsets,33] on broker 0: No checkpointed highwatermark is found for partition __consumer_offsets-33 (kafka.cluster.Partition)
[2017-03-13 10:38:59,316] INFO Completed load of log __consumer_offsets-49 with 1 log segments and log end offset 0 in 6 ms (kafka.log.Log)
[2017-03-13 10:38:59,318] INFO Created log for partition [__consumer_offsets,49] in D:\tmp\kafka-logs with properties {compression.type -> producer, message.format.version -> 0.10.2-IV0, file.delete.delay.ms -> 60000, max.message.bytes -> 1000012, min.compaction.lag.ms -> 0, message.timestamp.type -> CreateTime, min.insync.replicas -> 1, segment.jitter.ms -> 0, preallocate -> false, min.cleanable.dirty.ratio -> 0.5, index.interval.bytes -> 4096, unclean.leader.election.enable -> true, retention.bytes -> -1, delete.retention.ms -> 86400000, cleanup.policy -> compact, flush.ms -> 9223372036854775807, segment.ms -> 604800000, segment.bytes -> 104857600, retention.ms -> 604800000, message.timestamp.difference.max.ms -> 9223372036854775807, segment.index.bytes -> 10485760, flush.messages -> 9223372036854775807}. (kafka.log.LogManager)
[2017-03-13 10:38:59,319] INFO Partition [__consumer_offsets,49] on broker 0: No checkpointed highwatermark is found for partition __consumer_offsets-49 (kafka.cluster.Partition)
[2017-03-13 10:38:59,329] INFO Completed load of log __consumer_offsets-11 with 1 log segments and log end offset 0 in 6 ms (kafka.log.Log)
[2017-03-13 10:38:59,331] INFO Created log for partition [__consumer_offsets,11] in D:\tmp\kafka-logs with properties {compression.type -> producer, message.format.version -> 0.10.2-IV0, file.delete.delay.ms -> 60000, max.message.bytes -> 1000012, min.compaction.lag.ms -> 0, message.timestamp.type -> CreateTime, min.insync.replicas -> 1, segment.jitter.ms -> 0, preallocate -> false, min.cleanable.dirty.ratio -> 0.5, index.interval.bytes -> 4096, unclean.leader.election.enable -> true, retention.bytes -> -1, delete.retention.ms -> 86400000, cleanup.policy -> compact, flush.ms -> 9223372036854775807, segment.ms -> 604800000, segment.bytes -> 104857600, retention.ms -> 604800000, message.timestamp.difference.max.ms -> 9223372036854775807, segment.index.bytes -> 10485760, flush.messages -> 9223372036854775807}. (kafka.log.LogManager)
[2017-03-13 10:38:59,333] INFO Partition [__consumer_offsets,11] on broker 0: No checkpointed highwatermark is found for partition __consumer_offsets-11 (kafka.cluster.Partition)
[2017-03-13 10:38:59,346] INFO Completed load of log __consumer_offsets-30 with 1 log segments and log end offset 0 in 5 ms (kafka.log.Log)
[2017-03-13 10:38:59,355] INFO Created log for partition [__consumer_offsets,30] in D:\tmp\kafka-logs with properties {compression.type -> producer, message.format.version -> 0.10.2-IV0, file.delete.delay.ms -> 60000, max.message.bytes -> 1000012, min.compaction.lag.ms -> 0, message.timestamp.type -> CreateTime, min.insync.replicas -> 1, segment.jitter.ms -> 0, preallocate -> false, min.cleanable.dirty.ratio -> 0.5, index.interval.bytes -> 4096, unclean.leader.election.enable -> true, retention.bytes -> -1, delete.retention.ms -> 86400000, cleanup.policy -> compact, flush.ms -> 9223372036854775807, segment.ms -> 604800000, segment.bytes -> 104857600, retention.ms -> 604800000, message.timestamp.difference.max.ms -> 9223372036854775807, segment.index.bytes -> 10485760, flush.messages -> 9223372036854775807}. (kafka.log.LogManager)
[2017-03-13 10:38:59,364] INFO Partition [__consumer_offsets,30] on broker 0: No checkpointed highwatermark is found for partition __consumer_offsets-30 (kafka.cluster.Partition)
[2017-03-13 10:38:59,401] INFO Completed load of log __consumer_offsets-46 with 1 log segments and log end offset 0 in 28 ms (kafka.log.Log)
[2017-03-13 10:38:59,403] INFO Created log for partition [__consumer_offsets,46] in D:\tmp\kafka-logs with properties {compression.type -> producer, message.format.version -> 0.10.2-IV0, file.delete.delay.ms -> 60000, max.message.bytes -> 1000012, min.compaction.lag.ms -> 0, message.timestamp.type -> CreateTime, min.insync.replicas -> 1, segment.jitter.ms -> 0, preallocate -> false, min.cleanable.dirty.ratio -> 0.5, index.interval.bytes -> 4096, unclean.leader.election.enable -> true, retention.bytes -> -1, delete.retention.ms -> 86400000, cleanup.policy -> compact, flush.ms -> 9223372036854775807, segment.ms -> 604800000, segment.bytes -> 104857600, retention.ms -> 604800000, message.timestamp.difference.max.ms -> 9223372036854775807, segment.index.bytes -> 10485760, flush.messages -> 9223372036854775807}. (kafka.log.LogManager)
[2017-03-13 10:38:59,405] INFO Partition [__consumer_offsets,46] on broker 0: No checkpointed highwatermark is found for partition __consumer_offsets-46 (kafka.cluster.Partition)
[2017-03-13 10:38:59,418] INFO Completed load of log __consumer_offsets-27 with 1 log segments and log end offset 0 in 6 ms (kafka.log.Log)
[2017-03-13 10:38:59,419] INFO Created log for partition [__consumer_offsets,27] in D:\tmp\kafka-logs with properties {compression.type -> producer, message.format.version -> 0.10.2-IV0, file.delete.delay.ms -> 60000, max.message.bytes -> 1000012, min.compaction.lag.ms -> 0, message.timestamp.type -> CreateTime, min.insync.replicas -> 1, segment.jitter.ms -> 0, preallocate -> false, min.cleanable.dirty.ratio -> 0.5, index.interval.bytes -> 4096, unclean.leader.election.enable -> true, retention.bytes -> -1, delete.retention.ms -> 86400000, cleanup.policy -> compact, flush.ms -> 9223372036854775807, segment.ms -> 604800000, segment.bytes -> 104857600, retention.ms -> 604800000, message.timestamp.difference.max.ms -> 9223372036854775807, segment.index.bytes -> 10485760, flush.messages -> 9223372036854775807}. (kafka.log.LogManager)
[2017-03-13 10:38:59,421] INFO Partition [__consumer_offsets,27] on broker 0: No checkpointed highwatermark is found for partition __consumer_offsets-27 (kafka.cluster.Partition)
[2017-03-13 10:38:59,430] INFO Completed load of log __consumer_offsets-8 with 1 log segments and log end offset 0 in 5 ms (kafka.log.Log)
[2017-03-13 10:38:59,432] INFO Created log for partition [__consumer_offsets,8] in D:\tmp\kafka-logs with properties {compression.type -> producer, message.format.version -> 0.10.2-IV0, file.delete.delay.ms -> 60000, max.message.bytes -> 1000012, min.compaction.lag.ms -> 0, message.timestamp.type -> CreateTime, min.insync.replicas -> 1, segment.jitter.ms -> 0, preallocate -> false, min.cleanable.dirty.ratio -> 0.5, index.interval.bytes -> 4096, unclean.leader.election.enable -> true, retention.bytes -> -1, delete.retention.ms -> 86400000, cleanup.policy -> compact, flush.ms -> 9223372036854775807, segment.ms -> 604800000, segment.bytes -> 104857600, retention.ms -> 604800000, message.timestamp.difference.max.ms -> 9223372036854775807, segment.index.bytes -> 10485760, flush.messages -> 9223372036854775807}. (kafka.log.LogManager)
[2017-03-13 10:38:59,434] INFO Partition [__consumer_offsets,8] on broker 0: No checkpointed highwatermark is found for partition __consumer_offsets-8 (kafka.cluster.Partition)
[2017-03-13 10:38:59,479] INFO Completed load of log __consumer_offsets-24 with 1 log segments and log end offset 0 in 4 ms (kafka.log.Log)
[2017-03-13 10:38:59,490] INFO Created log for partition [__consumer_offsets,24] in D:\tmp\kafka-logs with properties {compression.type -> producer, message.format.version -> 0.10.2-IV0, file.delete.delay.ms -> 60000, max.message.bytes -> 1000012, min.compaction.lag.ms -> 0, message.timestamp.type -> CreateTime, min.insync.replicas -> 1, segment.jitter.ms -> 0, preallocate -> false, min.cleanable.dirty.ratio -> 0.5, index.interval.bytes -> 4096, unclean.leader.election.enable -> true, retention.bytes -> -1, delete.retention.ms -> 86400000, cleanup.policy -> compact, flush.ms -> 9223372036854775807, segment.ms -> 604800000, segment.bytes -> 104857600, retention.ms -> 604800000, message.timestamp.difference.max.ms -> 9223372036854775807, segment.index.bytes -> 10485760, flush.messages -> 9223372036854775807}. (kafka.log.LogManager)
[2017-03-13 10:38:59,499] INFO Partition [__consumer_offsets,24] on broker 0: No checkpointed highwatermark is found for partition __consumer_offsets-24 (kafka.cluster.Partition)
[2017-03-13 10:38:59,509] INFO Completed load of log __consumer_offsets-43 with 1 log segments and log end offset 0 in 5 ms (kafka.log.Log)
[2017-03-13 10:38:59,511] INFO Created log for partition [__consumer_offsets,43] in D:\tmp\kafka-logs with properties {compression.type -> producer, message.format.version -> 0.10.2-IV0, file.delete.delay.ms -> 60000, max.message.bytes -> 1000012, min.compaction.lag.ms -> 0, message.timestamp.type -> CreateTime, min.insync.replicas -> 1, segment.jitter.ms -> 0, preallocate -> false, min.cleanable.dirty.ratio -> 0.5, index.interval.bytes -> 4096, unclean.leader.election.enable -> true, retention.bytes -> -1, delete.retention.ms -> 86400000, cleanup.policy -> compact, flush.ms -> 9223372036854775807, segment.ms -> 604800000, segment.bytes -> 104857600, retention.ms -> 604800000, message.timestamp.difference.max.ms -> 9223372036854775807, segment.index.bytes -> 10485760, flush.messages -> 9223372036854775807}. (kafka.log.LogManager)
[2017-03-13 10:38:59,512] INFO Partition [__consumer_offsets,43] on broker 0: No checkpointed highwatermark is found for partition __consumer_offsets-43 (kafka.cluster.Partition)
[2017-03-13 10:38:59,525] INFO Completed load of log __consumer_offsets-5 with 1 log segments and log end offset 0 in 6 ms (kafka.log.Log)
[2017-03-13 10:38:59,527] INFO Created log for partition [__consumer_offsets,5] in D:\tmp\kafka-logs with properties {compression.type -> producer, message.format.version -> 0.10.2-IV0, file.delete.delay.ms -> 60000, max.message.bytes -> 1000012, min.compaction.lag.ms -> 0, message.timestamp.type -> CreateTime, min.insync.replicas -> 1, segment.jitter.ms -> 0, preallocate -> false, min.cleanable.dirty.ratio -> 0.5, index.interval.bytes -> 4096, unclean.leader.election.enable -> true, retention.bytes -> -1, delete.retention.ms -> 86400000, cleanup.policy -> compact, flush.ms -> 9223372036854775807, segment.ms -> 604800000, segment.bytes -> 104857600, retention.ms -> 604800000, message.timestamp.difference.max.ms -> 9223372036854775807, segment.index.bytes -> 10485760, flush.messages -> 9223372036854775807}. (kafka.log.LogManager)
[2017-03-13 10:38:59,529] INFO Partition [__consumer_offsets,5] on broker 0: No checkpointed highwatermark is found for partition __consumer_offsets-5 (kafka.cluster.Partition)
[2017-03-13 10:38:59,543] INFO Completed load of log __consumer_offsets-21 with 1 log segments and log end offset 0 in 6 ms (kafka.log.Log)
[2017-03-13 10:38:59,545] INFO Created log for partition [__consumer_offsets,21] in D:\tmp\kafka-logs with properties {compression.type -> producer, message.format.version -> 0.10.2-IV0, file.delete.delay.ms -> 60000, max.message.bytes -> 1000012, min.compaction.lag.ms -> 0, message.timestamp.type -> CreateTime, min.insync.replicas -> 1, segment.jitter.ms -> 0, preallocate -> false, min.cleanable.dirty.ratio -> 0.5, index.interval.bytes -> 4096, unclean.leader.election.enable -> true, retention.bytes -> -1, delete.retention.ms -> 86400000, cleanup.policy -> compact, flush.ms -> 9223372036854775807, segment.ms -> 604800000, segment.bytes -> 104857600, retention.ms -> 604800000, message.timestamp.difference.max.ms -> 9223372036854775807, segment.index.bytes -> 10485760, flush.messages -> 9223372036854775807}. (kafka.log.LogManager)
[2017-03-13 10:38:59,547] INFO Partition [__consumer_offsets,21] on broker 0: No checkpointed highwatermark is found for partition __consumer_offsets-21 (kafka.cluster.Partition)
[2017-03-13 10:38:59,571] INFO Completed load of log __consumer_offsets-2 with 1 log segments and log end offset 0 in 9 ms (kafka.log.Log)
[2017-03-13 10:38:59,575] INFO Created log for partition [__consumer_offsets,2] in D:\tmp\kafka-logs with properties {compression.type -> producer, message.format.version -> 0.10.2-IV0, file.delete.delay.ms -> 60000, max.message.bytes -> 1000012, min.compaction.lag.ms -> 0, message.timestamp.type -> CreateTime, min.insync.replicas -> 1, segment.jitter.ms -> 0, preallocate -> false, min.cleanable.dirty.ratio -> 0.5, index.interval.bytes -> 4096, unclean.leader.election.enable -> true, retention.bytes -> -1, delete.retention.ms -> 86400000, cleanup.policy -> compact, flush.ms -> 9223372036854775807, segment.ms -> 604800000, segment.bytes -> 104857600, retention.ms -> 604800000, message.timestamp.difference.max.ms -> 9223372036854775807, segment.index.bytes -> 10485760, flush.messages -> 9223372036854775807}. (kafka.log.LogManager)
[2017-03-13 10:38:59,576] INFO Partition [__consumer_offsets,2] on broker 0: No checkpointed highwatermark is found for partition __consumer_offsets-2 (kafka.cluster.Partition)
[2017-03-13 10:38:59,606] INFO Completed load of log __consumer_offsets-40 with 1 log segments and log end offset 0 in 25 ms (kafka.log.Log)
[2017-03-13 10:38:59,611] INFO Created log for partition [__consumer_offsets,40] in D:\tmp\kafka-logs with properties {compression.type -> producer, message.format.version -> 0.10.2-IV0, file.delete.delay.ms -> 60000, max.message.bytes -> 1000012, min.compaction.lag.ms -> 0, message.timestamp.type -> CreateTime, min.insync.replicas -> 1, segment.jitter.ms -> 0, preallocate -> false, min.cleanable.dirty.ratio -> 0.5, index.interval.bytes -> 4096, unclean.leader.election.enable -> true, retention.bytes -> -1, delete.retention.ms -> 86400000, cleanup.policy -> compact, flush.ms -> 9223372036854775807, segment.ms -> 604800000, segment.bytes -> 104857600, retention.ms -> 604800000, message.timestamp.difference.max.ms -> 9223372036854775807, segment.index.bytes -> 10485760, flush.messages -> 9223372036854775807}. (kafka.log.LogManager)
[2017-03-13 10:38:59,615] INFO Partition [__consumer_offsets,40] on broker 0: No checkpointed highwatermark is found for partition __consumer_offsets-40 (kafka.cluster.Partition)
[2017-03-13 10:38:59,627] INFO Completed load of log __consumer_offsets-37 with 1 log segments and log end offset 0 in 7 ms (kafka.log.Log)
[2017-03-13 10:38:59,633] INFO Created log for partition [__consumer_offsets,37] in D:\tmp\kafka-logs with properties {compression.type -> producer, message.format.version -> 0.10.2-IV0, file.delete.delay.ms -> 60000, max.message.bytes -> 1000012, min.compaction.lag.ms -> 0, message.timestamp.type -> CreateTime, min.insync.replicas -> 1, segment.jitter.ms -> 0, preallocate -> false, min.cleanable.dirty.ratio -> 0.5, index.interval.bytes -> 4096, unclean.leader.election.enable -> true, retention.bytes -> -1, delete.retention.ms -> 86400000, cleanup.policy -> compact, flush.ms -> 9223372036854775807, segment.ms -> 604800000, segment.bytes -> 104857600, retention.ms -> 604800000, message.timestamp.difference.max.ms -> 9223372036854775807, segment.index.bytes -> 10485760, flush.messages -> 9223372036854775807}. (kafka.log.LogManager)
[2017-03-13 10:38:59,636] INFO Partition [__consumer_offsets,37] on broker 0: No checkpointed highwatermark is found for partition __consumer_offsets-37 (kafka.cluster.Partition)
[2017-03-13 10:38:59,645] INFO Completed load of log __consumer_offsets-18 with 1 log segments and log end offset 0 in 6 ms (kafka.log.Log)
[2017-03-13 10:38:59,650] INFO Created log for partition [__consumer_offsets,18] in D:\tmp\kafka-logs with properties {compression.type -> producer, message.format.version -> 0.10.2-IV0, file.delete.delay.ms -> 60000, max.message.bytes -> 1000012, min.compaction.lag.ms -> 0, message.timestamp.type -> CreateTime, min.insync.replicas -> 1, segment.jitter.ms -> 0, preallocate -> false, min.cleanable.dirty.ratio -> 0.5, index.interval.bytes -> 4096, unclean.leader.election.enable -> true, retention.bytes -> -1, delete.retention.ms -> 86400000, cleanup.policy -> compact, flush.ms -> 9223372036854775807, segment.ms -> 604800000, segment.bytes -> 104857600, retention.ms -> 604800000, message.timestamp.difference.max.ms -> 9223372036854775807, segment.index.bytes -> 10485760, flush.messages -> 9223372036854775807}. (kafka.log.LogManager)
[2017-03-13 10:38:59,652] INFO Partition [__consumer_offsets,18] on broker 0: No checkpointed highwatermark is found for partition __consumer_offsets-18 (kafka.cluster.Partition)
[2017-03-13 10:38:59,676] INFO Completed load of log __consumer_offsets-34 with 1 log segments and log end offset 0 in 6 ms (kafka.log.Log)
[2017-03-13 10:38:59,680] INFO Created log for partition [__consumer_offsets,34] in D:\tmp\kafka-logs with properties {compression.type -> producer, message.format.version -> 0.10.2-IV0, file.delete.delay.ms -> 60000, max.message.bytes -> 1000012, min.compaction.lag.ms -> 0, message.timestamp.type -> CreateTime, min.insync.replicas -> 1, segment.jitter.ms -> 0, preallocate -> false, min.cleanable.dirty.ratio -> 0.5, index.interval.bytes -> 4096, unclean.leader.election.enable -> true, retention.bytes -> -1, delete.retention.ms -> 86400000, cleanup.policy -> compact, flush.ms -> 9223372036854775807, segment.ms -> 604800000, segment.bytes -> 104857600, retention.ms -> 604800000, message.timestamp.difference.max.ms -> 9223372036854775807, segment.index.bytes -> 10485760, flush.messages -> 9223372036854775807}. (kafka.log.LogManager)
[2017-03-13 10:38:59,686] INFO Partition [__consumer_offsets,34] on broker 0: No checkpointed highwatermark is found for partition __consumer_offsets-34 (kafka.cluster.Partition)
[2017-03-13 10:38:59,705] INFO Completed load of log __consumer_offsets-15 with 1 log segments and log end offset 0 in 6 ms (kafka.log.Log)
[2017-03-13 10:38:59,706] INFO Created log for partition [__consumer_offsets,15] in D:\tmp\kafka-logs with properties {compression.type -> producer, message.format.version -> 0.10.2-IV0, file.delete.delay.ms -> 60000, max.message.bytes -> 1000012, min.compaction.lag.ms -> 0, message.timestamp.type -> CreateTime, min.insync.replicas -> 1, segment.jitter.ms -> 0, preallocate -> false, min.cleanable.dirty.ratio -> 0.5, index.interval.bytes -> 4096, unclean.leader.election.enable -> true, retention.bytes -> -1, delete.retention.ms -> 86400000, cleanup.policy -> compact, flush.ms -> 9223372036854775807, segment.ms -> 604800000, segment.bytes -> 104857600, retention.ms -> 604800000, message.timestamp.difference.max.ms -> 9223372036854775807, segment.index.bytes -> 10485760, flush.messages -> 9223372036854775807}. (kafka.log.LogManager)
[2017-03-13 10:38:59,708] INFO Partition [__consumer_offsets,15] on broker 0: No checkpointed highwatermark is found for partition __consumer_offsets-15 (kafka.cluster.Partition)
[2017-03-13 10:38:59,718] INFO Completed load of log __consumer_offsets-12 with 1 log segments and log end offset 0 in 6 ms (kafka.log.Log)
[2017-03-13 10:38:59,720] INFO Created log for partition [__consumer_offsets,12] in D:\tmp\kafka-logs with properties {compression.type -> producer, message.format.version -> 0.10.2-IV0, file.delete.delay.ms -> 60000, max.message.bytes -> 1000012, min.compaction.lag.ms -> 0, message.timestamp.type -> CreateTime, min.insync.replicas -> 1, segment.jitter.ms -> 0, preallocate -> false, min.cleanable.dirty.ratio -> 0.5, index.interval.bytes -> 4096, unclean.leader.election.enable -> true, retention.bytes -> -1, delete.retention.ms -> 86400000, cleanup.policy -> compact, flush.ms -> 9223372036854775807, segment.ms -> 604800000, segment.bytes -> 104857600, retention.ms -> 604800000, message.timestamp.difference.max.ms -> 9223372036854775807, segment.index.bytes -> 10485760, flush.messages -> 9223372036854775807}. (kafka.log.LogManager)
[2017-03-13 10:38:59,725] INFO Partition [__consumer_offsets,12] on broker 0: No checkpointed highwatermark is found for partition __consumer_offsets-12 (kafka.cluster.Partition)
[2017-03-13 10:38:59,736] INFO Completed load of log __consumer_offsets-31 with 1 log segments and log end offset 0 in 7 ms (kafka.log.Log)
[2017-03-13 10:38:59,740] INFO Created log for partition [__consumer_offsets,31] in D:\tmp\kafka-logs with properties {compression.type -> producer, message.format.version -> 0.10.2-IV0, file.delete.delay.ms -> 60000, max.message.bytes -> 1000012, min.compaction.lag.ms -> 0, message.timestamp.type -> CreateTime, min.insync.replicas -> 1, segment.jitter.ms -> 0, preallocate -> false, min.cleanable.dirty.ratio -> 0.5, index.interval.bytes -> 4096, unclean.leader.election.enable -> true, retention.bytes -> -1, delete.retention.ms -> 86400000, cleanup.policy -> compact, flush.ms -> 9223372036854775807, segment.ms -> 604800000, segment.bytes -> 104857600, retention.ms -> 604800000, message.timestamp.difference.max.ms -> 9223372036854775807, segment.index.bytes -> 10485760, flush.messages -> 9223372036854775807}. (kafka.log.LogManager)
[2017-03-13 10:38:59,748] INFO Partition [__consumer_offsets,31] on broker 0: No checkpointed highwatermark is found for partition __consumer_offsets-31 (kafka.cluster.Partition)
[2017-03-13 10:38:59,769] INFO Completed load of log __consumer_offsets-9 with 1 log segments and log end offset 0 in 7 ms (kafka.log.Log)
[2017-03-13 10:38:59,776] INFO Created log for partition [__consumer_offsets,9] in D:\tmp\kafka-logs with properties {compression.type -> producer, message.format.version -> 0.10.2-IV0, file.delete.delay.ms -> 60000, max.message.bytes -> 1000012, min.compaction.lag.ms -> 0, message.timestamp.type -> CreateTime, min.insync.replicas -> 1, segment.jitter.ms -> 0, preallocate -> false, min.cleanable.dirty.ratio -> 0.5, index.interval.bytes -> 4096, unclean.leader.election.enable -> true, retention.bytes -> -1, delete.retention.ms -> 86400000, cleanup.policy -> compact, flush.ms -> 9223372036854775807, segment.ms -> 604800000, segment.bytes -> 104857600, retention.ms -> 604800000, message.timestamp.difference.max.ms -> 9223372036854775807, segment.index.bytes -> 10485760, flush.messages -> 9223372036854775807}. (kafka.log.LogManager)
[2017-03-13 10:38:59,781] INFO Partition [__consumer_offsets,9] on broker 0: No checkpointed highwatermark is found for partition __consumer_offsets-9 (kafka.cluster.Partition)
[2017-03-13 10:38:59,809] INFO Completed load of log __consumer_offsets-47 with 1 log segments and log end offset 0 in 6 ms (kafka.log.Log)
[2017-03-13 10:38:59,813] INFO Created log for partition [__consumer_offsets,47] in D:\tmp\kafka-logs with properties {compression.type -> producer, message.format.version -> 0.10.2-IV0, file.delete.delay.ms -> 60000, max.message.bytes -> 1000012, min.compaction.lag.ms -> 0, message.timestamp.type -> CreateTime, min.insync.replicas -> 1, segment.jitter.ms -> 0, preallocate -> false, min.cleanable.dirty.ratio -> 0.5, index.interval.bytes -> 4096, unclean.leader.election.enable -> true, retention.bytes -> -1, delete.retention.ms -> 86400000, cleanup.policy -> compact, flush.ms -> 9223372036854775807, segment.ms -> 604800000, segment.bytes -> 104857600, retention.ms -> 604800000, message.timestamp.difference.max.ms -> 9223372036854775807, segment.index.bytes -> 10485760, flush.messages -> 9223372036854775807}. (kafka.log.LogManager)
[2017-03-13 10:38:59,816] INFO Partition [__consumer_offsets,47] on broker 0: No checkpointed highwatermark is found for partition __consumer_offsets-47 (kafka.cluster.Partition)
[2017-03-13 10:38:59,830] INFO Completed load of log __consumer_offsets-19 with 1 log segments and log end offset 0 in 6 ms (kafka.log.Log)
[2017-03-13 10:38:59,833] INFO Created log for partition [__consumer_offsets,19] in D:\tmp\kafka-logs with properties {compression.type -> producer, message.format.version -> 0.10.2-IV0, file.delete.delay.ms -> 60000, max.message.bytes -> 1000012, min.compaction.lag.ms -> 0, message.timestamp.type -> CreateTime, min.insync.replicas -> 1, segment.jitter.ms -> 0, preallocate -> false, min.cleanable.dirty.ratio -> 0.5, index.interval.bytes -> 4096, unclean.leader.election.enable -> true, retention.bytes -> -1, delete.retention.ms -> 86400000, cleanup.policy -> compact, flush.ms -> 9223372036854775807, segment.ms -> 604800000, segment.bytes -> 104857600, retention.ms -> 604800000, message.timestamp.difference.max.ms -> 9223372036854775807, segment.index.bytes -> 10485760, flush.messages -> 9223372036854775807}. (kafka.log.LogManager)
[2017-03-13 10:38:59,835] INFO Partition [__consumer_offsets,19] on broker 0: No checkpointed highwatermark is found for partition __consumer_offsets-19 (kafka.cluster.Partition)
[2017-03-13 10:38:59,845] INFO Completed load of log __consumer_offsets-28 with 1 log segments and log end offset 0 in 6 ms (kafka.log.Log)
[2017-03-13 10:38:59,846] INFO Created log for partition [__consumer_offsets,28] in D:\tmp\kafka-logs with properties {compression.type -> producer, message.format.version -> 0.10.2-IV0, file.delete.delay.ms -> 60000, max.message.bytes -> 1000012, min.compaction.lag.ms -> 0, message.timestamp.type -> CreateTime, min.insync.replicas -> 1, segment.jitter.ms -> 0, preallocate -> false, min.cleanable.dirty.ratio -> 0.5, index.interval.bytes -> 4096, unclean.leader.election.enable -> true, retention.bytes -> -1, delete.retention.ms -> 86400000, cleanup.policy -> compact, flush.ms -> 9223372036854775807, segment.ms -> 604800000, segment.bytes -> 104857600, retention.ms -> 604800000, message.timestamp.difference.max.ms -> 9223372036854775807, segment.index.bytes -> 10485760, flush.messages -> 9223372036854775807}. (kafka.log.LogManager)
[2017-03-13 10:38:59,849] INFO Partition [__consumer_offsets,28] on broker 0: No checkpointed highwatermark is found for partition __consumer_offsets-28 (kafka.cluster.Partition)
[2017-03-13 10:38:59,872] INFO Completed load of log __consumer_offsets-38 with 1 log segments and log end offset 0 in 11 ms (kafka.log.Log)
[2017-03-13 10:38:59,877] INFO Created log for partition [__consumer_offsets,38] in D:\tmp\kafka-logs with properties {compression.type -> producer, message.format.version -> 0.10.2-IV0, file.delete.delay.ms -> 60000, max.message.bytes -> 1000012, min.compaction.lag.ms -> 0, message.timestamp.type -> CreateTime, min.insync.replicas -> 1, segment.jitter.ms -> 0, preallocate -> false, min.cleanable.dirty.ratio -> 0.5, index.interval.bytes -> 4096, unclean.leader.election.enable -> true, retention.bytes -> -1, delete.retention.ms -> 86400000, cleanup.policy -> compact, flush.ms -> 9223372036854775807, segment.ms -> 604800000, segment.bytes -> 104857600, retention.ms -> 604800000, message.timestamp.difference.max.ms -> 9223372036854775807, segment.index.bytes -> 10485760, flush.messages -> 9223372036854775807}. (kafka.log.LogManager)
[2017-03-13 10:38:59,882] INFO Partition [__consumer_offsets,38] on broker 0: No checkpointed highwatermark is found for partition __consumer_offsets-38 (kafka.cluster.Partition)
[2017-03-13 10:38:59,892] INFO Completed load of log __consumer_offsets-35 with 1 log segments and log end offset 0 in 6 ms (kafka.log.Log)
[2017-03-13 10:38:59,893] INFO Created log for partition [__consumer_offsets,35] in D:\tmp\kafka-logs with properties {compression.type -> producer, message.format.version -> 0.10.2-IV0, file.delete.delay.ms -> 60000, max.message.bytes -> 1000012, min.compaction.lag.ms -> 0, message.timestamp.type -> CreateTime, min.insync.replicas -> 1, segment.jitter.ms -> 0, preallocate -> false, min.cleanable.dirty.ratio -> 0.5, index.interval.bytes -> 4096, unclean.leader.election.enable -> true, retention.bytes -> -1, delete.retention.ms -> 86400000, cleanup.policy -> compact, flush.ms -> 9223372036854775807, segment.ms -> 604800000, segment.bytes -> 104857600, retention.ms -> 604800000, message.timestamp.difference.max.ms -> 9223372036854775807, segment.index.bytes -> 10485760, flush.messages -> 9223372036854775807}. (kafka.log.LogManager)
[2017-03-13 10:38:59,894] INFO Partition [__consumer_offsets,35] on broker 0: No checkpointed highwatermark is found for partition __consumer_offsets-35 (kafka.cluster.Partition)
[2017-03-13 10:38:59,910] INFO Completed load of log __consumer_offsets-44 with 1 log segments and log end offset 0 in 11 ms (kafka.log.Log)
[2017-03-13 10:38:59,930] INFO Created log for partition [__consumer_offsets,44] in D:\tmp\kafka-logs with properties {compression.type -> producer, message.format.version -> 0.10.2-IV0, file.delete.delay.ms -> 60000, max.message.bytes -> 1000012, min.compaction.lag.ms -> 0, message.timestamp.type -> CreateTime, min.insync.replicas -> 1, segment.jitter.ms -> 0, preallocate -> false, min.cleanable.dirty.ratio -> 0.5, index.interval.bytes -> 4096, unclean.leader.election.enable -> true, retention.bytes -> -1, delete.retention.ms -> 86400000, cleanup.policy -> compact, flush.ms -> 9223372036854775807, segment.ms -> 604800000, segment.bytes -> 104857600, retention.ms -> 604800000, message.timestamp.difference.max.ms -> 9223372036854775807, segment.index.bytes -> 10485760, flush.messages -> 9223372036854775807}. (kafka.log.LogManager)
[2017-03-13 10:38:59,939] INFO Partition [__consumer_offsets,44] on broker 0: No checkpointed highwatermark is found for partition __consumer_offsets-44 (kafka.cluster.Partition)
[2017-03-13 10:39:00,003] INFO Completed load of log __consumer_offsets-6 with 1 log segments and log end offset 0 in 58 ms (kafka.log.Log)
[2017-03-13 10:39:00,004] INFO Created log for partition [__consumer_offsets,6] in D:\tmp\kafka-logs with properties {compression.type -> producer, message.format.version -> 0.10.2-IV0, file.delete.delay.ms -> 60000, max.message.bytes -> 1000012, min.compaction.lag.ms -> 0, message.timestamp.type -> CreateTime, min.insync.replicas -> 1, segment.jitter.ms -> 0, preallocate -> false, min.cleanable.dirty.ratio -> 0.5, index.interval.bytes -> 4096, unclean.leader.election.enable -> true, retention.bytes -> -1, delete.retention.ms -> 86400000, cleanup.policy -> compact, flush.ms -> 9223372036854775807, segment.ms -> 604800000, segment.bytes -> 104857600, retention.ms -> 604800000, message.timestamp.difference.max.ms -> 9223372036854775807, segment.index.bytes -> 10485760, flush.messages -> 9223372036854775807}. (kafka.log.LogManager)
[2017-03-13 10:39:00,006] INFO Partition [__consumer_offsets,6] on broker 0: No checkpointed highwatermark is found for partition __consumer_offsets-6 (kafka.cluster.Partition)
[2017-03-13 10:39:00,011] INFO Completed load of log __consumer_offsets-25 with 1 log segments and log end offset 0 in 3 ms (kafka.log.Log)
[2017-03-13 10:39:00,012] INFO Created log for partition [__consumer_offsets,25] in D:\tmp\kafka-logs with properties {compression.type -> producer, message.format.version -> 0.10.2-IV0, file.delete.delay.ms -> 60000, max.message.bytes -> 1000012, min.compaction.lag.ms -> 0, message.timestamp.type -> CreateTime, min.insync.replicas -> 1, segment.jitter.ms -> 0, preallocate -> false, min.cleanable.dirty.ratio -> 0.5, index.interval.bytes -> 4096, unclean.leader.election.enable -> true, retention.bytes -> -1, delete.retention.ms -> 86400000, cleanup.policy -> compact, flush.ms -> 9223372036854775807, segment.ms -> 604800000, segment.bytes -> 104857600, retention.ms -> 604800000, message.timestamp.difference.max.ms -> 9223372036854775807, segment.index.bytes -> 10485760, flush.messages -> 9223372036854775807}. (kafka.log.LogManager)
[2017-03-13 10:39:00,013] INFO Partition [__consumer_offsets,25] on broker 0: No checkpointed highwatermark is found for partition __consumer_offsets-25 (kafka.cluster.Partition)
[2017-03-13 10:39:00,022] INFO Completed load of log __consumer_offsets-16 with 1 log segments and log end offset 0 in 5 ms (kafka.log.Log)
[2017-03-13 10:39:00,023] INFO Created log for partition [__consumer_offsets,16] in D:\tmp\kafka-logs with properties {compression.type -> producer, message.format.version -> 0.10.2-IV0, file.delete.delay.ms -> 60000, max.message.bytes -> 1000012, min.compaction.lag.ms -> 0, message.timestamp.type -> CreateTime, min.insync.replicas -> 1, segment.jitter.ms -> 0, preallocate -> false, min.cleanable.dirty.ratio -> 0.5, index.interval.bytes -> 4096, unclean.leader.election.enable -> true, retention.bytes -> -1, delete.retention.ms -> 86400000, cleanup.policy -> compact, flush.ms -> 9223372036854775807, segment.ms -> 604800000, segment.bytes -> 104857600, retention.ms -> 604800000, message.timestamp.difference.max.ms -> 9223372036854775807, segment.index.bytes -> 10485760, flush.messages -> 9223372036854775807}. (kafka.log.LogManager)
[2017-03-13 10:39:00,024] INFO Partition [__consumer_offsets,16] on broker 0: No checkpointed highwatermark is found for partition __consumer_offsets-16 (kafka.cluster.Partition)
[2017-03-13 10:39:00,034] INFO Completed load of log __consumer_offsets-22 with 1 log segments and log end offset 0 in 6 ms (kafka.log.Log)
[2017-03-13 10:39:00,035] INFO Created log for partition [__consumer_offsets,22] in D:\tmp\kafka-logs with properties {compression.type -> producer, message.format.version -> 0.10.2-IV0, file.delete.delay.ms -> 60000, max.message.bytes -> 1000012, min.compaction.lag.ms -> 0, message.timestamp.type -> CreateTime, min.insync.replicas -> 1, segment.jitter.ms -> 0, preallocate -> false, min.cleanable.dirty.ratio -> 0.5, index.interval.bytes -> 4096, unclean.leader.election.enable -> true, retention.bytes -> -1, delete.retention.ms -> 86400000, cleanup.policy -> compact, flush.ms -> 9223372036854775807, segment.ms -> 604800000, segment.bytes -> 104857600, retention.ms -> 604800000, message.timestamp.difference.max.ms -> 9223372036854775807, segment.index.bytes -> 10485760, flush.messages -> 9223372036854775807}. (kafka.log.LogManager)
[2017-03-13 10:39:00,036] INFO Partition [__consumer_offsets,22] on broker 0: No checkpointed highwatermark is found for partition __consumer_offsets-22 (kafka.cluster.Partition)
[2017-03-13 10:39:00,063] INFO Completed load of log __consumer_offsets-41 with 1 log segments and log end offset 0 in 9 ms (kafka.log.Log)
[2017-03-13 10:39:00,076] INFO Created log for partition [__consumer_offsets,41] in D:\tmp\kafka-logs with properties {compression.type -> producer, message.format.version -> 0.10.2-IV0, file.delete.delay.ms -> 60000, max.message.bytes -> 1000012, min.compaction.lag.ms -> 0, message.timestamp.type -> CreateTime, min.insync.replicas -> 1, segment.jitter.ms -> 0, preallocate -> false, min.cleanable.dirty.ratio -> 0.5, index.interval.bytes -> 4096, unclean.leader.election.enable -> true, retention.bytes -> -1, delete.retention.ms -> 86400000, cleanup.policy -> compact, flush.ms -> 9223372036854775807, segment.ms -> 604800000, segment.bytes -> 104857600, retention.ms -> 604800000, message.timestamp.difference.max.ms -> 9223372036854775807, segment.index.bytes -> 10485760, flush.messages -> 9223372036854775807}. (kafka.log.LogManager)
[2017-03-13 10:39:00,078] INFO Partition [__consumer_offsets,41] on broker 0: No checkpointed highwatermark is found for partition __consumer_offsets-41 (kafka.cluster.Partition)
[2017-03-13 10:39:00,087] INFO Completed load of log __consumer_offsets-32 with 1 log segments and log end offset 0 in 5 ms (kafka.log.Log)
[2017-03-13 10:39:00,090] INFO Created log for partition [__consumer_offsets,32] in D:\tmp\kafka-logs with properties {compression.type -> producer, message.format.version -> 0.10.2-IV0, file.delete.delay.ms -> 60000, max.message.bytes -> 1000012, min.compaction.lag.ms -> 0, message.timestamp.type -> CreateTime, min.insync.replicas -> 1, segment.jitter.ms -> 0, preallocate -> false, min.cleanable.dirty.ratio -> 0.5, index.interval.bytes -> 4096, unclean.leader.election.enable -> true, retention.bytes -> -1, delete.retention.ms -> 86400000, cleanup.policy -> compact, flush.ms -> 9223372036854775807, segment.ms -> 604800000, segment.bytes -> 104857600, retention.ms -> 604800000, message.timestamp.difference.max.ms -> 9223372036854775807, segment.index.bytes -> 10485760, flush.messages -> 9223372036854775807}. (kafka.log.LogManager)
[2017-03-13 10:39:00,092] INFO Partition [__consumer_offsets,32] on broker 0: No checkpointed highwatermark is found for partition __consumer_offsets-32 (kafka.cluster.Partition)
[2017-03-13 10:39:00,115] INFO Completed load of log __consumer_offsets-3 with 1 log segments and log end offset 0 in 19 ms (kafka.log.Log)
[2017-03-13 10:39:00,116] INFO Created log for partition [__consumer_offsets,3] in D:\tmp\kafka-logs with properties {compression.type -> producer, message.format.version -> 0.10.2-IV0, file.delete.delay.ms -> 60000, max.message.bytes -> 1000012, min.compaction.lag.ms -> 0, message.timestamp.type -> CreateTime, min.insync.replicas -> 1, segment.jitter.ms -> 0, preallocate -> false, min.cleanable.dirty.ratio -> 0.5, index.interval.bytes -> 4096, unclean.leader.election.enable -> true, retention.bytes -> -1, delete.retention.ms -> 86400000, cleanup.policy -> compact, flush.ms -> 9223372036854775807, segment.ms -> 604800000, segment.bytes -> 104857600, retention.ms -> 604800000, message.timestamp.difference.max.ms -> 9223372036854775807, segment.index.bytes -> 10485760, flush.messages -> 9223372036854775807}. (kafka.log.LogManager)
[2017-03-13 10:39:00,120] INFO Partition [__consumer_offsets,3] on broker 0: No checkpointed highwatermark is found for partition __consumer_offsets-3 (kafka.cluster.Partition)
[2017-03-13 10:39:00,130] INFO Completed load of log __consumer_offsets-13 with 1 log segments and log end offset 0 in 6 ms (kafka.log.Log)
[2017-03-13 10:39:00,132] INFO Created log for partition [__consumer_offsets,13] in D:\tmp\kafka-logs with properties {compression.type -> producer, message.format.version -> 0.10.2-IV0, file.delete.delay.ms -> 60000, max.message.bytes -> 1000012, min.compaction.lag.ms -> 0, message.timestamp.type -> CreateTime, min.insync.replicas -> 1, segment.jitter.ms -> 0, preallocate -> false, min.cleanable.dirty.ratio -> 0.5, index.interval.bytes -> 4096, unclean.leader.election.enable -> true, retention.bytes -> -1, delete.retention.ms -> 86400000, cleanup.policy -> compact, flush.ms -> 9223372036854775807, segment.ms -> 604800000, segment.bytes -> 104857600, retention.ms -> 604800000, message.timestamp.difference.max.ms -> 9223372036854775807, segment.index.bytes -> 10485760, flush.messages -> 9223372036854775807}. (kafka.log.LogManager)
[2017-03-13 10:39:00,133] INFO Partition [__consumer_offsets,13] on broker 0: No checkpointed highwatermark is found for partition __consumer_offsets-13 (kafka.cluster.Partition)
[2017-03-13 10:39:00,138] INFO [Group Metadata Manager on Broker 0]: Loading offsets and group metadata from __consumer_offsets-22 (kafka.coordinator.GroupMetadataManager)
[2017-03-13 10:39:00,160] INFO [Group Metadata Manager on Broker 0]: Finished loading offsets from __consumer_offsets-22 in 20 milliseconds. (kafka.coordinator.GroupMetadataManager)
[2017-03-13 10:39:00,163] INFO [Group Metadata Manager on Broker 0]: Loading offsets and group metadata from __consumer_offsets-25 (kafka.coordinator.GroupMetadataManager)
[2017-03-13 10:39:00,166] INFO [Group Metadata Manager on Broker 0]: Finished loading offsets from __consumer_offsets-25 in 3 milliseconds. (kafka.coordinator.GroupMetadataManager)
[2017-03-13 10:39:00,171] INFO [Group Metadata Manager on Broker 0]: Loading offsets and group metadata from __consumer_offsets-28 (kafka.coordinator.GroupMetadataManager)
[2017-03-13 10:39:00,175] INFO [Group Metadata Manager on Broker 0]: Finished loading offsets from __consumer_offsets-28 in 3 milliseconds. (kafka.coordinator.GroupMetadataManager)
[2017-03-13 10:39:00,176] INFO [Group Metadata Manager on Broker 0]: Loading offsets and group metadata from __consumer_offsets-31 (kafka.coordinator.GroupMetadataManager)
[2017-03-13 10:39:00,179] INFO [Group Metadata Manager on Broker 0]: Finished loading offsets from __consumer_offsets-31 in 3 milliseconds. (kafka.coordinator.GroupMetadataManager)
[2017-03-13 10:39:00,180] INFO [Group Metadata Manager on Broker 0]: Loading offsets and group metadata from __consumer_offsets-34 (kafka.coordinator.GroupMetadataManager)
[2017-03-13 10:39:00,183] INFO [Group Metadata Manager on Broker 0]: Finished loading offsets from __consumer_offsets-34 in 3 milliseconds. (kafka.coordinator.GroupMetadataManager)
[2017-03-13 10:39:00,183] INFO [Group Metadata Manager on Broker 0]: Loading offsets and group metadata from __consumer_offsets-37 (kafka.coordinator.GroupMetadataManager)
[2017-03-13 10:39:00,194] INFO [Group Metadata Manager on Broker 0]: Finished loading offsets from __consumer_offsets-37 in 7 milliseconds. (kafka.coordinator.GroupMetadataManager)
[2017-03-13 10:39:00,210] INFO [Group Metadata Manager on Broker 0]: Loading offsets and group metadata from __consumer_offsets-40 (kafka.coordinator.GroupMetadataManager)
[2017-03-13 10:39:00,223] INFO [Group Metadata Manager on Broker 0]: Finished loading offsets from __consumer_offsets-40 in 2 milliseconds. (kafka.coordinator.GroupMetadataManager)
[2017-03-13 10:39:00,224] INFO [Group Metadata Manager on Broker 0]: Loading offsets and group metadata from __consumer_offsets-43 (kafka.coordinator.GroupMetadataManager)
[2017-03-13 10:39:00,228] INFO [Group Metadata Manager on Broker 0]: Finished loading offsets from __consumer_offsets-43 in 3 milliseconds. (kafka.coordinator.GroupMetadataManager)
[2017-03-13 10:39:00,229] INFO [Group Metadata Manager on Broker 0]: Loading offsets and group metadata from __consumer_offsets-46 (kafka.coordinator.GroupMetadataManager)
[2017-03-13 10:39:00,234] INFO [Group Metadata Manager on Broker 0]: Finished loading offsets from __consumer_offsets-46 in 2 milliseconds. (kafka.coordinator.GroupMetadataManager)
[2017-03-13 10:39:00,234] INFO [Group Metadata Manager on Broker 0]: Loading offsets and group metadata from __consumer_offsets-49 (kafka.coordinator.GroupMetadataManager)
[2017-03-13 10:39:00,237] INFO [Group Metadata Manager on Broker 0]: Finished loading offsets from __consumer_offsets-49 in 2 milliseconds. (kafka.coordinator.GroupMetadataManager)
[2017-03-13 10:39:00,237] INFO [Group Metadata Manager on Broker 0]: Loading offsets and group metadata from __consumer_offsets-41 (kafka.coordinator.GroupMetadataManager)
[2017-03-13 10:39:00,239] INFO [Group Metadata Manager on Broker 0]: Finished loading offsets from __consumer_offsets-41 in 1 milliseconds. (kafka.coordinator.GroupMetadataManager)
[2017-03-13 10:39:00,240] INFO [Group Metadata Manager on Broker 0]: Loading offsets and group metadata from __consumer_offsets-44 (kafka.coordinator.GroupMetadataManager)
[2017-03-13 10:39:00,242] INFO [Group Metadata Manager on Broker 0]: Finished loading offsets from __consumer_offsets-44 in 2 milliseconds. (kafka.coordinator.GroupMetadataManager)
[2017-03-13 10:39:00,242] INFO [Group Metadata Manager on Broker 0]: Loading offsets and group metadata from __consumer_offsets-47 (kafka.coordinator.GroupMetadataManager)
[2017-03-13 10:39:00,244] INFO [Group Metadata Manager on Broker 0]: Finished loading offsets from __consumer_offsets-47 in 1 milliseconds. (kafka.coordinator.GroupMetadataManager)
[2017-03-13 10:39:00,244] INFO [Group Metadata Manager on Broker 0]: Loading offsets and group metadata from __consumer_offsets-1 (kafka.coordinator.GroupMetadataManager)
[2017-03-13 10:39:00,246] INFO [Group Metadata Manager on Broker 0]: Finished loading offsets from __consumer_offsets-1 in 2 milliseconds. (kafka.coordinator.GroupMetadataManager)
[2017-03-13 10:39:00,246] INFO [Group Metadata Manager on Broker 0]: Loading offsets and group metadata from __consumer_offsets-4 (kafka.coordinator.GroupMetadataManager)
[2017-03-13 10:39:00,248] INFO [Group Metadata Manager on Broker 0]: Finished loading offsets from __consumer_offsets-4 in 2 milliseconds. (kafka.coordinator.GroupMetadataManager)
[2017-03-13 10:39:00,248] INFO [Group Metadata Manager on Broker 0]: Loading offsets and group metadata from __consumer_offsets-7 (kafka.coordinator.GroupMetadataManager)
[2017-03-13 10:39:00,250] INFO [Group Metadata Manager on Broker 0]: Finished loading offsets from __consumer_offsets-7 in 1 milliseconds. (kafka.coordinator.GroupMetadataManager)
[2017-03-13 10:39:00,250] INFO [Group Metadata Manager on Broker 0]: Loading offsets and group metadata from __consumer_offsets-10 (kafka.coordinator.GroupMetadataManager)
[2017-03-13 10:39:00,252] INFO [Group Metadata Manager on Broker 0]: Finished loading offsets from __consumer_offsets-10 in 2 milliseconds. (kafka.coordinator.GroupMetadataManager)
[2017-03-13 10:39:00,253] INFO [Group Metadata Manager on Broker 0]: Loading offsets and group metadata from __consumer_offsets-13 (kafka.coordinator.GroupMetadataManager)
[2017-03-13 10:39:00,255] INFO [Group Metadata Manager on Broker 0]: Finished loading offsets from __consumer_offsets-13 in 2 milliseconds. (kafka.coordinator.GroupMetadataManager)
[2017-03-13 10:39:00,255] INFO [Group Metadata Manager on Broker 0]: Loading offsets and group metadata from __consumer_offsets-16 (kafka.coordinator.GroupMetadataManager)
[2017-03-13 10:39:00,257] INFO [Group Metadata Manager on Broker 0]: Finished loading offsets from __consumer_offsets-16 in 1 milliseconds. (kafka.coordinator.GroupMetadataManager)
[2017-03-13 10:39:00,257] INFO [Group Metadata Manager on Broker 0]: Loading offsets and group metadata from __consumer_offsets-19 (kafka.coordinator.GroupMetadataManager)
[2017-03-13 10:39:00,259] INFO [Group Metadata Manager on Broker 0]: Finished loading offsets from __consumer_offsets-19 in 2 milliseconds. (kafka.coordinator.GroupMetadataManager)
[2017-03-13 10:39:00,259] INFO [Group Metadata Manager on Broker 0]: Loading offsets and group metadata from __consumer_offsets-2 (kafka.coordinator.GroupMetadataManager)
[2017-03-13 10:39:00,260] INFO [Group Metadata Manager on Broker 0]: Finished loading offsets from __consumer_offsets-2 in 1 milliseconds. (kafka.coordinator.GroupMetadataManager)
[2017-03-13 10:39:00,260] INFO [Group Metadata Manager on Broker 0]: Loading offsets and group metadata from __consumer_offsets-5 (kafka.coordinator.GroupMetadataManager)
[2017-03-13 10:39:00,262] INFO [Group Metadata Manager on Broker 0]: Finished loading offsets from __consumer_offsets-5 in 1 milliseconds. (kafka.coordinator.GroupMetadataManager)
[2017-03-13 10:39:00,263] INFO [Group Metadata Manager on Broker 0]: Loading offsets and group metadata from __consumer_offsets-8 (kafka.coordinator.GroupMetadataManager)
[2017-03-13 10:39:00,266] INFO [Group Metadata Manager on Broker 0]: Finished loading offsets from __consumer_offsets-8 in 2 milliseconds. (kafka.coordinator.GroupMetadataManager)
[2017-03-13 10:39:00,266] INFO [Group Metadata Manager on Broker 0]: Loading offsets and group metadata from __consumer_offsets-11 (kafka.coordinator.GroupMetadataManager)
[2017-03-13 10:39:00,267] INFO [Group Metadata Manager on Broker 0]: Finished loading offsets from __consumer_offsets-11 in 1 milliseconds. (kafka.coordinator.GroupMetadataManager)
[2017-03-13 10:39:00,267] INFO [Group Metadata Manager on Broker 0]: Loading offsets and group metadata from __consumer_offsets-14 (kafka.coordinator.GroupMetadataManager)
[2017-03-13 10:39:00,269] INFO [Group Metadata Manager on Broker 0]: Finished loading offsets from __consumer_offsets-14 in 1 milliseconds. (kafka.coordinator.GroupMetadataManager)
[2017-03-13 10:39:00,269] INFO [Group Metadata Manager on Broker 0]: Loading offsets and group metadata from __consumer_offsets-17 (kafka.coordinator.GroupMetadataManager)
[2017-03-13 10:39:00,271] INFO [Group Metadata Manager on Broker 0]: Finished loading offsets from __consumer_offsets-17 in 2 milliseconds. (kafka.coordinator.GroupMetadataManager)
[2017-03-13 10:39:00,271] INFO [Group Metadata Manager on Broker 0]: Loading offsets and group metadata from __consumer_offsets-20 (kafka.coordinator.GroupMetadataManager)
[2017-03-13 10:39:00,273] INFO [Group Metadata Manager on Broker 0]: Finished loading offsets from __consumer_offsets-20 in 2 milliseconds. (kafka.coordinator.GroupMetadataManager)
[2017-03-13 10:39:00,275] INFO [Group Metadata Manager on Broker 0]: Loading offsets and group metadata from __consumer_offsets-23 (kafka.coordinator.GroupMetadataManager)
[2017-03-13 10:39:00,277] INFO [Group Metadata Manager on Broker 0]: Finished loading offsets from __consumer_offsets-23 in 1 milliseconds. (kafka.coordinator.GroupMetadataManager)
[2017-03-13 10:39:00,278] INFO [Group Metadata Manager on Broker 0]: Loading offsets and group metadata from __consumer_offsets-26 (kafka.coordinator.GroupMetadataManager)
[2017-03-13 10:39:00,279] INFO [Group Metadata Manager on Broker 0]: Finished loading offsets from __consumer_offsets-26 in 1 milliseconds. (kafka.coordinator.GroupMetadataManager)
[2017-03-13 10:39:00,280] INFO [Group Metadata Manager on Broker 0]: Loading offsets and group metadata from __consumer_offsets-29 (kafka.coordinator.GroupMetadataManager)
[2017-03-13 10:39:00,282] INFO [Group Metadata Manager on Broker 0]: Finished loading offsets from __consumer_offsets-29 in 2 milliseconds. (kafka.coordinator.GroupMetadataManager)
[2017-03-13 10:39:00,282] INFO [Group Metadata Manager on Broker 0]: Loading offsets and group metadata from __consumer_offsets-32 (kafka.coordinator.GroupMetadataManager)
[2017-03-13 10:39:00,284] INFO [Group Metadata Manager on Broker 0]: Finished loading offsets from __consumer_offsets-32 in 2 milliseconds. (kafka.coordinator.GroupMetadataManager)
[2017-03-13 10:39:00,286] INFO [Group Metadata Manager on Broker 0]: Loading offsets and group metadata from __consumer_offsets-35 (kafka.coordinator.GroupMetadataManager)
[2017-03-13 10:39:00,289] INFO [Group Metadata Manager on Broker 0]: Finished loading offsets from __consumer_offsets-35 in 2 milliseconds. (kafka.coordinator.GroupMetadataManager)
[2017-03-13 10:39:00,289] INFO [Group Metadata Manager on Broker 0]: Loading offsets and group metadata from __consumer_offsets-38 (kafka.coordinator.GroupMetadataManager)
[2017-03-13 10:39:00,291] INFO [Group Metadata Manager on Broker 0]: Finished loading offsets from __consumer_offsets-38 in 2 milliseconds. (kafka.coordinator.GroupMetadataManager)
[2017-03-13 10:39:00,292] INFO [Group Metadata Manager on Broker 0]: Loading offsets and group metadata from __consumer_offsets-0 (kafka.coordinator.GroupMetadataManager)
[2017-03-13 10:39:00,293] INFO [GroupCoordinator 0]: Preparing to restabilize group es.uniovi with old generation 0 (kafka.coordinator.GroupCoordinator)
[2017-03-13 10:39:00,294] INFO [Group Metadata Manager on Broker 0]: Finished loading offsets from __consumer_offsets-0 in 2 milliseconds. (kafka.coordinator.GroupMetadataManager)
[2017-03-13 10:39:00,294] INFO [Group Metadata Manager on Broker 0]: Loading offsets and group metadata from __consumer_offsets-3 (kafka.coordinator.GroupMetadataManager)
[2017-03-13 10:39:00,296] INFO [Group Metadata Manager on Broker 0]: Finished loading offsets from __consumer_offsets-3 in 2 milliseconds. (kafka.coordinator.GroupMetadataManager)
[2017-03-13 10:39:00,298] INFO [Group Metadata Manager on Broker 0]: Loading offsets and group metadata from __consumer_offsets-6 (kafka.coordinator.GroupMetadataManager)
[2017-03-13 10:39:00,300] INFO [Group Metadata Manager on Broker 0]: Finished loading offsets from __consumer_offsets-6 in 2 milliseconds. (kafka.coordinator.GroupMetadataManager)
[2017-03-13 10:39:00,301] INFO [Group Metadata Manager on Broker 0]: Loading offsets and group metadata from __consumer_offsets-9 (kafka.coordinator.GroupMetadataManager)
[2017-03-13 10:39:00,301] INFO [GroupCoordinator 0]: Stabilized group es.uniovi generation 1 (kafka.coordinator.GroupCoordinator)
[2017-03-13 10:39:00,303] INFO [Group Metadata Manager on Broker 0]: Finished loading offsets from __consumer_offsets-9 in 2 milliseconds. (kafka.coordinator.GroupMetadataManager)
[2017-03-13 10:39:00,304] INFO [Group Metadata Manager on Broker 0]: Loading offsets and group metadata from __consumer_offsets-12 (kafka.coordinator.GroupMetadataManager)
[2017-03-13 10:39:00,310] INFO [Group Metadata Manager on Broker 0]: Finished loading offsets from __consumer_offsets-12 in 6 milliseconds. (kafka.coordinator.GroupMetadataManager)
[2017-03-13 10:39:00,312] INFO [Group Metadata Manager on Broker 0]: Loading offsets and group metadata from __consumer_offsets-15 (kafka.coordinator.GroupMetadataManager)
[2017-03-13 10:39:00,313] INFO [Group Metadata Manager on Broker 0]: Finished loading offsets from __consumer_offsets-15 in 1 milliseconds. (kafka.coordinator.GroupMetadataManager)
[2017-03-13 10:39:00,314] INFO [Group Metadata Manager on Broker 0]: Loading offsets and group metadata from __consumer_offsets-18 (kafka.coordinator.GroupMetadataManager)
[2017-03-13 10:39:00,315] INFO [Group Metadata Manager on Broker 0]: Finished loading offsets from __consumer_offsets-18 in 1 milliseconds. (kafka.coordinator.GroupMetadataManager)
[2017-03-13 10:39:00,316] INFO [Group Metadata Manager on Broker 0]: Loading offsets and group metadata from __consumer_offsets-21 (kafka.coordinator.GroupMetadataManager)
[2017-03-13 10:39:00,317] INFO [Group Metadata Manager on Broker 0]: Finished loading offsets from __consumer_offsets-21 in 1 milliseconds. (kafka.coordinator.GroupMetadataManager)
[2017-03-13 10:39:00,317] INFO [Group Metadata Manager on Broker 0]: Loading offsets and group metadata from __consumer_offsets-24 (kafka.coordinator.GroupMetadataManager)
[2017-03-13 10:39:00,318] INFO [Group Metadata Manager on Broker 0]: Finished loading offsets from __consumer_offsets-24 in 1 milliseconds. (kafka.coordinator.GroupMetadataManager)
[2017-03-13 10:39:00,318] INFO [Group Metadata Manager on Broker 0]: Loading offsets and group metadata from __consumer_offsets-27 (kafka.coordinator.GroupMetadataManager)
[2017-03-13 10:39:00,319] INFO [Group Metadata Manager on Broker 0]: Finished loading offsets from __consumer_offsets-27 in 1 milliseconds. (kafka.coordinator.GroupMetadataManager)
[2017-03-13 10:39:00,319] INFO [Group Metadata Manager on Broker 0]: Loading offsets and group metadata from __consumer_offsets-30 (kafka.coordinator.GroupMetadataManager)
[2017-03-13 10:39:00,327] INFO [Group Metadata Manager on Broker 0]: Finished loading offsets from __consumer_offsets-30 in 8 milliseconds. (kafka.coordinator.GroupMetadataManager)
[2017-03-13 10:39:00,327] INFO [Group Metadata Manager on Broker 0]: Loading offsets and group metadata from __consumer_offsets-33 (kafka.coordinator.GroupMetadataManager)
[2017-03-13 10:39:00,328] INFO [Group Metadata Manager on Broker 0]: Finished loading offsets from __consumer_offsets-33 in 0 milliseconds. (kafka.coordinator.GroupMetadataManager)
[2017-03-13 10:39:00,329] INFO [GroupCoordinator 0]: Assignment received from leader for group es.uniovi for generation 1 (kafka.coordinator.GroupCoordinator)
[2017-03-13 10:39:00,329] INFO [Group Metadata Manager on Broker 0]: Loading offsets and group metadata from __consumer_offsets-36 (kafka.coordinator.GroupMetadataManager)
[2017-03-13 10:39:00,331] INFO [Group Metadata Manager on Broker 0]: Finished loading offsets from __consumer_offsets-36 in 1 milliseconds. (kafka.coordinator.GroupMetadataManager)
[2017-03-13 10:39:00,332] INFO [Group Metadata Manager on Broker 0]: Loading offsets and group metadata from __consumer_offsets-39 (kafka.coordinator.GroupMetadataManager)
[2017-03-13 10:39:00,333] INFO [Group Metadata Manager on Broker 0]: Finished loading offsets from __consumer_offsets-39 in 1 milliseconds. (kafka.coordinator.GroupMetadataManager)
[2017-03-13 10:39:00,333] INFO [Group Metadata Manager on Broker 0]: Loading offsets and group metadata from __consumer_offsets-42 (kafka.coordinator.GroupMetadataManager)
[2017-03-13 10:39:00,334] INFO [Group Metadata Manager on Broker 0]: Finished loading offsets from __consumer_offsets-42 in 1 milliseconds. (kafka.coordinator.GroupMetadataManager)
[2017-03-13 10:39:00,338] INFO [Group Metadata Manager on Broker 0]: Loading offsets and group metadata from __consumer_offsets-45 (kafka.coordinator.GroupMetadataManager)
[2017-03-13 10:39:00,339] INFO [Group Metadata Manager on Broker 0]: Finished loading offsets from __consumer_offsets-45 in 1 milliseconds. (kafka.coordinator.GroupMetadataManager)
[2017-03-13 10:39:00,339] INFO [Group Metadata Manager on Broker 0]: Loading offsets and group metadata from __consumer_offsets-48 (kafka.coordinator.GroupMetadataManager)
[2017-03-13 10:39:00,341] INFO [Group Metadata Manager on Broker 0]: Finished loading offsets from __consumer_offsets-48 in 2 milliseconds. (kafka.coordinator.GroupMetadataManager)
[2017-03-13 10:39:00,353] INFO [GroupCoordinator 0]: Preparing to restabilize group es.uniovi with old generation 1 (kafka.coordinator.GroupCoordinator)
[2017-03-13 10:39:00,354] INFO [GroupCoordinator 0]: Stabilized group es.uniovi generation 2 (kafka.coordinator.GroupCoordinator)
[2017-03-13 10:39:00,356] INFO [GroupCoordinator 0]: Assignment received from leader for group es.uniovi for generation 2 (kafka.coordinator.GroupCoordinator)
[2017-03-13 10:39:00,389] INFO [GroupCoordinator 0]: Preparing to restabilize group anonymous.8b08a3c4-de5f-4bfb-b66b-10823cf82023 with old generation 0 (kafka.coordinator.GroupCoordinator)
[2017-03-13 10:39:00,389] INFO [GroupCoordinator 0]: Stabilized group anonymous.8b08a3c4-de5f-4bfb-b66b-10823cf82023 generation 1 (kafka.coordinator.GroupCoordinator)
[2017-03-13 10:39:00,392] INFO [GroupCoordinator 0]: Assignment received from leader for group anonymous.8b08a3c4-de5f-4bfb-b66b-10823cf82023 for generation 1 (kafka.coordinator.GroupCoordinator)
